TN:
SF:/home/dtaylor/repos/patternfly-react/test.env.js
FNF:0
FNH:0
DA:5,183
DA:8,183
DA:10,183
LF:3
LH:3
BRDA:8,0,0,183
BRDA:8,0,1,183
BRF:2
BRH:2
end_of_record
TN:
SF:/home/dtaylor/repos/patternfly-react/packages/patternfly-3/patternfly-react-extensions/src/common/helpers.js
FN:4,(anonymous_0)
FN:6,innerFunc
FN:9,(anonymous_2)
FN:15,(anonymous_3)
FN:15,(anonymous_4)
FN:16,(anonymous_5)
FN:19,(anonymous_6)
FN:22,(anonymous_7)
FN:22,(anonymous_8)
FN:25,(anonymous_9)
FN:29,(anonymous_10)
FNF:11
FNH:9
FNDA:4,(anonymous_0)
FNDA:0,innerFunc
FNDA:0,(anonymous_2)
FNDA:2,(anonymous_3)
FNDA:10,(anonymous_4)
FNDA:10,(anonymous_5)
FNDA:2,(anonymous_6)
FNDA:2,(anonymous_7)
FNDA:10,(anonymous_8)
FNDA:24,(anonymous_9)
FNDA:32,(anonymous_10)
DA:4,4
DA:7,0
DA:8,0
DA:9,0
DA:11,4
DA:15,10
DA:16,10
DA:19,4
DA:22,10
DA:25,4
DA:26,24
DA:29,4
DA:30,32
DA:32,4
DA:34,4
LF:15
LH:12
BRDA:15,0,0,2
BRDA:26,1,0,24
BRDA:26,1,1,24
BRDA:26,1,2,24
BRDA:30,2,0,32
BRDA:30,2,1,32
BRDA:30,2,2,30
BRF:7
BRH:7
end_of_record
TN:
SF:/home/dtaylor/repos/patternfly-react/packages/patternfly-3/patternfly-react-extensions/src/components/BadgedResource/BadgedResource.js
FN:10,(anonymous_0)
FN:24,(anonymous_1)
FN:33,(anonymous_2)
FN:49,(anonymous_3)
FN:64,(anonymous_4)
FN:67,(anonymous_5)
FNF:6
FNH:6
FNDA:10,(anonymous_0)
FNDA:1,(anonymous_1)
FNDA:10,(anonymous_2)
FNDA:10,(anonymous_3)
FNDA:10,(anonymous_4)
FNDA:1,(anonymous_5)
DA:8,1
DA:10,1
DA:24,10
DA:25,1
DA:26,1
DA:28,1
DA:29,1
DA:33,10
DA:34,10
DA:35,10
DA:49,10
DA:50,10
DA:52,10
DA:53,9
DA:54,9
DA:61,1
DA:64,10
DA:65,10
DA:66,4
DA:67,1
DA:72,6
DA:75,10
DA:77,10
DA:85,1
DA:86,1
DA:88,1
DA:113,1
LF:27
LH:27
BRDA:25,0,0,1
BRDA:25,0,1,0
BRDA:28,1,0,1
BRDA:28,1,1,0
BRDA:37,2,0,10
BRDA:37,2,1,8
BRDA:40,3,0,10
BRDA:40,3,1,1
BRDA:40,3,2,1
BRDA:43,4,0,10
BRDA:43,4,1,8
BRDA:50,5,0,10
BRDA:50,5,1,8
BRDA:52,6,0,9
BRDA:52,6,1,1
BRDA:52,7,0,10
BRDA:52,7,1,10
BRDA:65,8,0,4
BRDA:65,8,1,6
BRDA:65,9,0,10
BRDA:65,9,1,9
BRDA:67,10,0,4
BRDA:67,10,1,3
BRF:23
BRH:21
end_of_record
TN:
SF:/home/dtaylor/repos/patternfly-react/packages/patternfly-3/patternfly-react-extensions/src/components/BadgedResource/ResourceTypes.js
FN:92,(anonymous_0)
FNF:1
FNH:1
FNDA:2,(anonymous_0)
DA:3,1
DA:5,1
DA:34,1
DA:63,1
DA:92,1
DA:93,2
DA:96,0
DA:100,0
DA:109,1
DA:113,0
DA:117,0
DA:121,0
DA:124,0
DA:128,1
DA:131,0
DA:134,0
DA:137,0
DA:140,0
DA:143,0
DA:146,0
DA:149,0
LF:21
LH:8
BRDA:93,0,0,0
BRDA:93,0,1,0
BRDA:93,0,2,0
BRDA:93,0,3,0
BRDA:93,0,4,0
BRDA:93,0,5,0
BRDA:93,0,6,1
BRDA:93,0,7,1
BRDA:93,0,8,1
BRDA:93,0,9,1
BRDA:93,0,10,1
BRDA:93,0,11,0
BRDA:93,0,12,0
BRDA:93,0,13,0
BRDA:93,0,14,0
BRDA:93,0,15,0
BRDA:93,0,16,0
BRDA:93,0,17,0
BRDA:93,0,18,0
BRDA:93,0,19,1
BRDA:93,0,20,0
BRDA:93,0,21,0
BRDA:93,0,22,0
BRDA:93,0,23,0
BRDA:93,0,24,0
BRDA:93,0,25,0
BRDA:93,0,26,0
BRF:27
BRH:6
end_of_record
TN:
SF:/home/dtaylor/repos/patternfly-react/packages/patternfly-3/patternfly-react-extensions/src/components/BadgedResource/index.js
FNF:0
FNH:0
LF:0
LH:0
BRF:0
BRH:0
end_of_record
TN:
SF:/home/dtaylor/repos/patternfly-react/packages/patternfly-3/patternfly-react-extensions/src/components/CatalogItemHeader/CatalogItemHeader.js
FN:5,(anonymous_0)
FNF:1
FNH:1
FNDA:4,(anonymous_0)
DA:5,1
DA:6,4
DA:8,4
DA:20,1
DA:33,1
LF:5
LH:5
BRDA:10,0,0,4
BRDA:10,0,1,3
BRDA:11,1,0,4
BRDA:11,1,1,1
BRDA:11,1,2,1
BRDA:14,2,0,4
BRDA:14,2,1,3
BRF:7
BRH:7
end_of_record
TN:
SF:/home/dtaylor/repos/patternfly-react/packages/patternfly-3/patternfly-react-extensions/src/components/CatalogItemHeader/index.js
FNF:0
FNH:0
LF:0
LH:0
BRF:0
BRH:0
end_of_record
TN:
SF:/home/dtaylor/repos/patternfly-react/packages/patternfly-3/patternfly-react-extensions/src/components/CatalogTile/CatalogTile.js
FN:7,(anonymous_0)
FN:25,(anonymous_1)
FN:29,(anonymous_2)
FN:39,(anonymous_3)
FN:47,(anonymous_4)
FN:55,(anonymous_5)
FN:66,(anonymous_6)
FN:73,(anonymous_7)
FN:80,(anonymous_8)
FN:105,(anonymous_9)
FN:106,(anonymous_10)
FN:110,(anonymous_11)
FNF:12
FNH:12
FNDA:42,(anonymous_0)
FNDA:22,(anonymous_1)
FNDA:22,(anonymous_2)
FNDA:80,(anonymous_3)
FNDA:80,(anonymous_4)
FNDA:1,(anonymous_5)
FNDA:44,(anonymous_6)
FNDA:54,(anonymous_7)
FNDA:44,(anonymous_8)
FNDA:6,(anonymous_9)
FNDA:1,(anonymous_10)
FNDA:38,(anonymous_11)
DA:7,2
DA:8,42
DA:9,40
DA:12,2
DA:26,22
DA:30,22
DA:32,22
DA:33,0
DA:36,22
DA:40,80
DA:41,36
DA:44,44
DA:48,80
DA:49,36
DA:52,44
DA:56,1
DA:58,1
DA:59,1
DA:61,1
DA:62,1
DA:67,44
DA:68,6
DA:71,38
DA:74,54
DA:97,44
DA:98,44
DA:99,44
DA:101,44
DA:104,44
DA:106,6
DA:111,38
DA:116,44
DA:138,2
DA:169,2
DA:185,2
DA:187,2
LF:36
LH:35
BRDA:8,0,0,40
BRDA:8,0,1,2
BRDA:8,1,0,42
BRDA:8,1,1,2
BRDA:8,1,2,2
BRDA:32,2,0,0
BRDA:32,2,1,22
BRDA:32,3,0,22
BRDA:32,3,1,0
BRDA:40,4,0,36
BRDA:40,4,1,44
BRDA:48,5,0,36
BRDA:48,5,1,44
BRDA:58,6,0,1
BRDA:58,6,1,0
BRDA:61,7,0,1
BRDA:61,7,1,0
BRDA:67,8,0,6
BRDA:67,8,1,38
BRDA:67,9,0,44
BRDA:67,9,1,44
BRDA:99,10,0,44
BRDA:99,10,1,42
BRDA:104,11,0,6
BRDA:104,11,1,38
BRDA:104,12,0,44
BRDA:104,12,1,40
BRDA:106,13,0,6
BRDA:106,13,1,2
BRDA:119,14,0,44
BRDA:119,14,1,42
BRDA:120,15,0,44
BRDA:120,15,1,2
BRDA:120,15,2,2
BRDA:132,16,0,44
BRDA:132,16,1,2
BRF:36
BRH:32
end_of_record
TN:
SF:/home/dtaylor/repos/patternfly-react/packages/patternfly-3/patternfly-react-extensions/src/components/CatalogTile/CatalogTileBadge.js
FN:6,(anonymous_0)
FNF:1
FNH:1
FNDA:54,(anonymous_0)
DA:6,2
DA:7,54
DA:9,54
DA:10,52
DA:11,52
DA:23,2
DA:30,2
DA:41,2
LF:8
LH:8
BRDA:9,0,0,52
BRDA:9,0,1,2
BRF:2
BRH:2
end_of_record
TN:
SF:/home/dtaylor/repos/patternfly-react/packages/patternfly-3/patternfly-react-extensions/src/components/CatalogTile/index.js
FNF:0
FNH:0
LF:0
LH:0
BRF:0
BRH:0
end_of_record
TN:
SF:/home/dtaylor/repos/patternfly-react/packages/patternfly-3/patternfly-react-extensions/src/components/CatalogTileView/CatalogTileView.js
FN:7,(anonymous_0)
FNF:1
FNH:1
FNDA:4,(anonymous_0)
DA:7,1
DA:8,4
DA:14,4
DA:21,1
DA:30,1
DA:36,1
LF:6
LH:6
BRF:0
BRH:0
end_of_record
TN:
SF:/home/dtaylor/repos/patternfly-react/packages/patternfly-3/patternfly-react-extensions/src/components/CatalogTileView/CatalogTileViewCategory.js
FN:13,(anonymous_0)
FN:16,(anonymous_1)
FN:25,(anonymous_2)
FN:33,(anonymous_3)
FN:35,(anonymous_4)
FN:40,(anonymous_5)
FN:60,(anonymous_6)
FN:67,(anonymous_7)
FN:72,(anonymous_8)
FN:73,(anonymous_9)
FN:76,(anonymous_10)
FN:85,(anonymous_11)
FNF:12
FNH:12
FNDA:8,(anonymous_0)
FNDA:4,(anonymous_1)
FNDA:4,(anonymous_2)
FNDA:4,(anonymous_3)
FNDA:4,(anonymous_4)
FNDA:4,(anonymous_5)
FNDA:8,(anonymous_6)
FNDA:8,(anonymous_7)
FNDA:32,(anonymous_8)
FNDA:18,(anonymous_9)
FNDA:32,(anonymous_10)
FNDA:22,(anonymous_11)
DA:11,1
DA:13,8
DA:17,4
DA:18,4
DA:19,4
DA:26,4
DA:29,4
DA:30,4
DA:34,4
DA:35,4
DA:36,4
DA:41,4
DA:42,0
DA:45,4
DA:46,4
DA:48,4
DA:49,0
DA:50,4
DA:51,0
DA:54,4
DA:55,4
DA:56,4
DA:61,8
DA:62,4
DA:64,4
DA:68,8
DA:69,8
DA:70,8
DA:72,32
DA:73,8
DA:74,18
DA:77,32
DA:81,8
DA:84,8
DA:85,22
DA:88,8
DA:89,0
DA:92,8
DA:119,1
DA:136,1
LF:40
LH:36
BRDA:11,0,0,0
BRDA:11,0,1,1
BRDA:11,1,0,1
BRDA:11,1,1,1
BRDA:41,2,0,0
BRDA:41,2,1,4
BRDA:45,3,0,4
BRDA:45,3,1,0
BRDA:45,4,0,4
BRDA:45,4,1,4
BRDA:48,5,0,0
BRDA:48,5,1,4
BRDA:50,6,0,0
BRDA:50,6,1,4
BRDA:61,7,0,4
BRDA:61,7,1,4
BRDA:74,8,0,18
BRDA:74,8,1,18
BRDA:77,9,0,32
BRDA:77,9,1,12
BRDA:77,9,2,10
BRDA:88,10,0,0
BRDA:88,10,1,8
BRDA:88,11,0,8
BRDA:88,11,1,4
BRDA:88,11,2,0
BRDA:96,12,0,8
BRDA:96,12,1,4
BRDA:96,12,2,4
BRF:29
BRH:22
end_of_record
TN:
SF:/home/dtaylor/repos/patternfly-react/packages/patternfly-3/patternfly-react-extensions/src/components/CatalogTileView/index.js
FNF:0
FNH:0
LF:0
LH:0
BRF:0
BRH:0
end_of_record
TN:
SF:/home/dtaylor/repos/patternfly-react/packages/patternfly-3/patternfly-react-extensions/src/components/DiffView/DiffView.js
FN:8,(anonymous_0)
FN:15,(anonymous_1)
FN:44,(anonymous_2)
FNF:3
FNH:3
FNDA:2,(anonymous_0)
FNDA:3,(anonymous_1)
FNDA:1,(anonymous_2)
DA:8,1
DA:9,2
DA:11,2
DA:12,2
DA:15,1
DA:27,3
DA:28,3
DA:29,3
DA:32,3
DA:33,2
DA:34,2
DA:35,2
DA:37,2
DA:38,1
DA:42,1
DA:44,1
DA:45,1
DA:56,1
DA:57,1
DA:60,1
DA:81,1
LF:21
LH:21
BRDA:28,0,0,0
BRDA:28,0,1,3
BRDA:32,1,0,2
BRDA:32,1,1,1
BRDA:37,2,0,1
BRDA:37,2,1,1
BRDA:38,3,0,1
BRDA:38,3,1,1
BRDA:56,4,0,0
BRDA:56,4,1,1
BRF:10
BRH:8
end_of_record
TN:
SF:/home/dtaylor/repos/patternfly-react/packages/patternfly-3/patternfly-react-extensions/src/components/DiffView/index.js
FNF:0
FNH:0
LF:0
LH:0
BRF:0
BRH:0
end_of_record
TN:
SF:/home/dtaylor/repos/patternfly-react/packages/patternfly-3/patternfly-react-extensions/src/components/DiffView/_mocks_/DiffViewMocks.js
FNF:0
FNH:0
DA:3,1
DA:10,1
DA:16,1
LF:3
LH:3
BRF:0
BRH:0
end_of_record
TN:
SF:/home/dtaylor/repos/patternfly-react/packages/patternfly-3/patternfly-react-extensions/src/components/FilterSidePanel/FilterSidePanel.js
FN:10,(anonymous_0)
FNF:1
FNH:1
FNDA:1,(anonymous_0)
DA:10,1
DA:11,1
DA:12,1
DA:19,1
DA:25,1
DA:30,1
DA:31,1
LF:7
LH:7
BRF:0
BRH:0
end_of_record
TN:
SF:/home/dtaylor/repos/patternfly-react/packages/patternfly-3/patternfly-react-extensions/src/components/FilterSidePanel/FilterSidePanelCategory.js
FN:7,(anonymous_0)
FNF:1
FNH:1
FNDA:6,(anonymous_0)
DA:7,1
DA:19,6
DA:20,6
DA:21,6
DA:22,6
DA:24,6
DA:26,6
DA:27,4
DA:28,4
DA:29,1
DA:36,2
DA:37,2
DA:38,2
DA:46,6
DA:57,1
DA:78,1
LF:16
LH:16
BRDA:26,0,0,4
BRDA:26,0,1,2
BRDA:26,1,0,6
BRDA:26,1,1,3
BRDA:28,2,0,1
BRDA:28,2,1,3
BRDA:31,3,0,1
BRDA:31,3,1,0
BRDA:37,4,0,2
BRDA:37,4,1,0
BRDA:40,5,0,2
BRDA:40,5,1,1
BRDA:49,6,0,6
BRDA:49,6,1,5
BRF:14
BRH:12
end_of_record
TN:
SF:/home/dtaylor/repos/patternfly-react/packages/patternfly-3/patternfly-react-extensions/src/components/FilterSidePanel/FilterSidePanelCategoryItem.js
FN:7,(anonymous_0)
FNF:1
FNH:1
FNDA:16,(anonymous_0)
DA:7,1
DA:8,16
DA:10,16
DA:21,1
DA:34,1
LF:5
LH:5
BRDA:13,0,0,16
BRDA:13,0,1,0
BRDA:15,1,0,16
BRDA:15,1,1,16
BRF:4
BRH:3
end_of_record
TN:
SF:/home/dtaylor/repos/patternfly-react/packages/patternfly-3/patternfly-react-extensions/src/components/FilterSidePanel/index.js
FNF:0
FNH:0
LF:0
LH:0
BRF:0
BRH:0
end_of_record
TN:
SF:/home/dtaylor/repos/patternfly-react/packages/patternfly-3/patternfly-react-extensions/src/components/PropertiesSidePanel/PropertiesSidePanel.js
FN:6,(anonymous_0)
FNF:1
FNH:1
FNDA:1,(anonymous_0)
DA:6,1
DA:7,1
DA:9,1
DA:16,1
DA:23,1
DA:28,1
LF:6
LH:6
BRF:0
BRH:0
end_of_record
TN:
SF:/home/dtaylor/repos/patternfly-react/packages/patternfly-3/patternfly-react-extensions/src/components/PropertiesSidePanel/PropertyItem.js
FN:5,(anonymous_0)
FNF:1
FNH:1
FNDA:9,(anonymous_0)
DA:5,1
DA:6,9
DA:8,9
DA:16,1
DA:25,1
LF:5
LH:5
BRF:0
BRH:0
end_of_record
TN:
SF:/home/dtaylor/repos/patternfly-react/packages/patternfly-3/patternfly-react-extensions/src/components/PropertiesSidePanel/index.js
FNF:0
FNH:0
LF:0
LH:0
BRF:0
BRH:0
end_of_record
TN:
SF:/home/dtaylor/repos/patternfly-react/packages/patternfly-3/patternfly-react-extensions/src/components/TableGrid/TableGrid.js
FN:14,(anonymous_0)
FNF:1
FNH:1
FNDA:6,(anonymous_0)
DA:14,2
DA:15,6
DA:25,6
DA:32,2
DA:42,2
DA:49,2
DA:50,2
DA:51,2
DA:52,2
DA:53,2
LF:10
LH:10
BRF:0
BRH:0
end_of_record
TN:
SF:/home/dtaylor/repos/patternfly-react/packages/patternfly-3/patternfly-react-extensions/src/components/TableGrid/TableGridBody.js
FN:9,(anonymous_0)
FNF:1
FNH:1
FNDA:12,(anonymous_0)
DA:9,2
DA:10,12
DA:11,12
DA:18,2
DA:24,2
LF:5
LH:5
BRF:0
BRH:0
end_of_record
TN:
SF:/home/dtaylor/repos/patternfly-react/packages/patternfly-3/patternfly-react-extensions/src/components/TableGrid/TableGridCol.js
FN:10,(anonymous_0)
FNF:1
FNH:1
FNDA:16,(anonymous_0)
DA:10,2
DA:11,16
DA:12,16
DA:19,2
DA:26,2
LF:5
LH:5
BRF:0
BRH:0
end_of_record
TN:
SF:/home/dtaylor/repos/patternfly-react/packages/patternfly-3/patternfly-react-extensions/src/components/TableGrid/TableGridColumnHeader.js
FN:11,(anonymous_0)
FNF:1
FNH:1
FNDA:72,(anonymous_0)
DA:11,2
DA:12,72
DA:18,72
DA:37,2
DA:53,2
LF:5
LH:5
BRDA:20,0,0,72
BRDA:20,0,1,26
BRDA:23,1,0,26
BRDA:23,1,1,12
BRDA:27,2,0,12
BRDA:27,2,1,0
BRDA:32,3,0,72
BRDA:32,3,1,46
BRF:8
BRH:7
end_of_record
TN:
SF:/home/dtaylor/repos/patternfly-react/packages/patternfly-3/patternfly-react-extensions/src/components/TableGrid/TableGridHead.js
FN:11,(anonymous_0)
FN:27,(anonymous_1)
FN:40,(anonymous_2)
FNF:3
FNH:3
FNDA:20,(anonymous_0)
FNDA:20,(anonymous_1)
FNDA:11,(anonymous_2)
DA:11,2
DA:25,20
DA:27,20
DA:28,20
DA:29,1
DA:31,19
DA:32,4
DA:34,15
DA:35,3
DA:37,12
DA:40,20
DA:41,11
DA:42,5
DA:44,6
DA:45,3
DA:47,3
DA:50,20
DA:53,20
DA:54,5
DA:55,15
DA:56,3
DA:58,12
DA:61,20
DA:77,2
DA:101,2
LF:25
LH:25
BRDA:28,0,0,1
BRDA:28,0,1,19
BRDA:31,1,0,4
BRDA:31,1,1,15
BRDA:34,2,0,3
BRDA:34,2,1,12
BRDA:41,3,0,5
BRDA:41,3,1,6
BRDA:44,4,0,3
BRDA:44,4,1,3
BRDA:50,5,0,20
BRDA:50,5,1,12
BRDA:53,6,0,5
BRDA:53,6,1,15
BRDA:55,7,0,3
BRDA:55,7,1,12
BRDA:63,8,0,20
BRDA:63,8,1,11
BRF:18
BRH:18
end_of_record
TN:
SF:/home/dtaylor/repos/patternfly-react/packages/patternfly-3/patternfly-react-extensions/src/components/TableGrid/TableGridRow.js
FN:11,(anonymous_0)
FNF:1
FNH:1
FNDA:11,(anonymous_0)
DA:11,2
DA:12,11
DA:13,11
DA:23,2
DA:36,2
LF:5
LH:5
BRF:0
BRH:0
end_of_record
TN:
SF:/home/dtaylor/repos/patternfly-react/packages/patternfly-3/patternfly-react-extensions/src/components/TableGrid/VirtualTableGrid.js
FN:16,(anonymous_0)
FN:39,(anonymous_1)
FN:62,(anonymous_2)
FN:67,(anonymous_3)
FNF:4
FNH:3
FNDA:7,(anonymous_0)
FNDA:0,(anonymous_1)
FNDA:7,(anonymous_2)
FNDA:7,(anonymous_3)
DA:16,2
DA:33,7
DA:39,7
DA:40,0
DA:41,0
DA:43,0
DA:50,7
DA:62,7
DA:63,7
DA:65,7
DA:68,7
DA:89,7
DA:91,7
DA:97,7
DA:105,2
DA:134,2
DA:148,2
DA:149,2
DA:150,2
DA:151,2
LF:20
LH:17
BRDA:33,0,0,7
BRDA:33,0,1,7
BRDA:72,1,0,7
BRDA:72,1,1,0
BRDA:89,2,0,7
BRDA:89,2,1,7
BRDA:89,2,2,7
BRDA:91,3,0,0
BRDA:91,3,1,7
BRF:9
BRH:7
end_of_record
TN:
SF:/home/dtaylor/repos/patternfly-react/packages/patternfly-3/patternfly-react-extensions/src/components/TableGrid/index.js
FNF:0
FNH:0
LF:0
LH:0
BRF:0
BRH:0
end_of_record
TN:
SF:/home/dtaylor/repos/patternfly-react/packages/patternfly-3/patternfly-react-extensions/src/components/TableGrid/_mocks_/mockVirtualItems.js
FNF:0
FNH:0
DA:1,1
LF:1
LH:1
BRF:0
BRH:0
end_of_record
TN:
SF:/home/dtaylor/repos/patternfly-react/packages/patternfly-3/patternfly-react-extensions/src/components/VerticalTabs/VerticalTabs.js
FN:9,(anonymous_0)
FNF:1
FNH:1
FNDA:10,(anonymous_0)
DA:9,1
DA:10,10
DA:11,10
DA:18,1
DA:28,1
DA:35,1
LF:6
LH:6
BRF:0
BRH:0
end_of_record
TN:
SF:/home/dtaylor/repos/patternfly-react/packages/patternfly-3/patternfly-react-extensions/src/components/VerticalTabs/VerticalTabsTab.js
FN:5,(anonymous_0)
FN:27,(anonymous_1)
FN:36,(anonymous_2)
FNF:3
FNH:3
FNDA:43,(anonymous_0)
FNDA:1,(anonymous_1)
FNDA:1,(anonymous_2)
DA:5,1
DA:16,43
DA:22,43
DA:27,43
DA:28,1
DA:29,1
DA:30,1
DA:34,43
DA:36,1
DA:44,1
DA:63,1
LF:11
LH:11
BRDA:29,0,0,1
BRDA:29,0,1,0
BRF:2
BRH:1
end_of_record
TN:
SF:/home/dtaylor/repos/patternfly-react/packages/patternfly-3/patternfly-react/src/index.js
FNF:0
FNH:0
LF:0
LH:0
BRF:0
BRH:0
end_of_record
TN:
SF:/home/dtaylor/repos/patternfly-react/packages/patternfly-3/patternfly-react/src/common/Timer.js
FN:5,(anonymous_0)
FN:12,(anonymous_1)
FN:18,(anonymous_2)
FN:24,(anonymous_3)
FNF:4
FNH:4
FNDA:21,(anonymous_0)
FNDA:16,(anonymous_1)
FNDA:25,(anonymous_2)
FNDA:2,(anonymous_3)
DA:6,21
DA:7,21
DA:8,21
DA:13,16
DA:14,16
DA:15,16
DA:16,16
DA:19,25
DA:20,11
DA:21,11
DA:25,2
DA:26,1
DA:27,1
LF:13
LH:13
BRDA:12,0,0,9
BRDA:14,1,0,7
BRDA:14,1,1,9
BRDA:15,2,0,7
BRDA:15,2,1,9
BRDA:19,3,0,11
BRDA:19,3,1,14
BRDA:25,4,0,1
BRDA:25,4,1,1
BRF:9
BRH:9
end_of_record
TN:
SF:/home/dtaylor/repos/patternfly-react/packages/patternfly-3/patternfly-react/src/common/closestPolyfill.js
FN:8,closest
FNF:1
FNH:1
FNDA:3,closest
DA:2,45
DA:4,45
DA:5,0
DA:9,3
DA:10,3
DA:11,3
DA:12,13
DA:13,11
DA:16,1
DA:19,45
DA:20,5
LF:11
LH:10
BRDA:2,0,0,45
BRDA:2,0,1,0
BRDA:2,0,2,0
BRDA:4,1,0,0
BRDA:4,1,1,45
BRDA:10,2,0,3
BRDA:10,2,1,0
BRDA:11,3,0,14
BRDA:11,3,1,14
BRDA:12,4,0,2
BRDA:12,4,1,11
BRDA:13,5,0,11
BRDA:13,5,1,1
BRDA:19,6,0,5
BRDA:19,6,1,40
BRF:15
BRH:11
end_of_record
TN:
SF:/home/dtaylor/repos/patternfly-react/packages/patternfly-3/patternfly-react/src/common/controlled.js
FN:36,(anonymous_0)
FN:36,(anonymous_1)
FN:40,(anonymous_2)
FN:45,(anonymous_3)
FN:50,(anonymous_4)
FN:54,(anonymous_5)
FN:61,(anonymous_6)
FN:68,(anonymous_7)
FN:70,(anonymous_8)
FN:71,(anonymous_9)
FN:72,(anonymous_10)
FNF:11
FNH:8
FNDA:32,(anonymous_0)
FNDA:32,(anonymous_1)
FNDA:5,(anonymous_2)
FNDA:0,(anonymous_3)
FNDA:5,(anonymous_4)
FNDA:5,(anonymous_5)
FNDA:0,(anonymous_6)
FNDA:0,(anonymous_7)
FNDA:10,(anonymous_8)
FNDA:232,(anonymous_9)
FNDA:232,(anonymous_10)
DA:36,44
DA:41,5
DA:42,5
DA:46,0
DA:47,0
DA:51,5
DA:55,5
DA:56,5
DA:57,5
DA:62,0
DA:63,0
DA:64,0
DA:68,0
DA:71,232
DA:72,232
DA:73,10
DA:84,32
DA:85,32
DA:91,32
DA:95,32
LF:20
LH:14
BRDA:36,0,0,0
BRDA:42,1,0,5
BRDA:42,1,1,5
BRDA:42,1,2,5
BRDA:47,2,0,0
BRDA:47,2,1,0
BRDA:47,2,2,0
BRDA:55,3,0,5
BRDA:55,3,1,0
BRDA:55,4,0,5
BRDA:55,4,1,5
BRDA:56,5,0,5
BRDA:56,5,1,5
BRDA:56,5,2,0
BRDA:57,6,0,5
BRDA:57,6,1,0
BRDA:62,7,0,0
BRDA:62,7,1,0
BRDA:62,8,0,0
BRDA:62,8,1,0
BRDA:64,9,0,0
BRDA:64,9,1,0
BRDA:64,9,2,0
BRDA:68,10,0,0
BRDA:68,10,1,0
BRDA:71,11,0,232
BRDA:71,11,1,2
BRF:27
BRH:11
end_of_record
TN:
SF:/home/dtaylor/repos/patternfly-react/packages/patternfly-3/patternfly-react/src/common/helpers.js
FN:8,(anonymous_0)
FN:14,(anonymous_1)
FN:20,(anonymous_2)
FN:22,innerFunc
FN:25,(anonymous_4)
FN:31,(anonymous_5)
FN:34,(anonymous_6)
FN:38,(anonymous_7)
FN:38,(anonymous_8)
FN:39,(anonymous_9)
FN:42,(anonymous_10)
FN:45,(anonymous_11)
FN:45,(anonymous_12)
FN:48,(anonymous_13)
FN:52,(anonymous_14)
FN:58,(anonymous_15)
FN:64,(anonymous_16)
FN:65,(anonymous_17)
FN:68,(anonymous_18)
FN:72,(anonymous_19)
FN:72,(anonymous_20)
FNF:21
FNH:19
FNDA:1,(anonymous_0)
FNDA:1,(anonymous_1)
FNDA:6,(anonymous_2)
FNDA:0,innerFunc
FNDA:0,(anonymous_4)
FNDA:8,(anonymous_5)
FNDA:8,(anonymous_6)
FNDA:1475,(anonymous_7)
FNDA:21663,(anonymous_8)
FNDA:21699,(anonymous_9)
FNDA:60,(anonymous_10)
FNDA:40,(anonymous_11)
FNDA:837,(anonymous_12)
FNDA:1797,(anonymous_13)
FNDA:1789,(anonymous_14)
FNDA:8,(anonymous_15)
FNDA:5,(anonymous_16)
FNDA:20,(anonymous_17)
FNDA:235,(anonymous_18)
FNDA:5,(anonymous_19)
FNDA:35,(anonymous_20)
DA:8,43
DA:10,1
DA:14,1
DA:15,1
DA:20,43
DA:23,0
DA:24,0
DA:25,0
DA:27,6
DA:31,43
DA:34,43
DA:35,8
DA:38,21663
DA:39,21699
DA:42,60
DA:45,837
DA:48,43
DA:49,1797
DA:52,43
DA:53,1789
DA:54,1789
DA:58,43
DA:59,8
DA:60,8
DA:64,43
DA:65,20
DA:68,43
DA:69,235
DA:72,43
DA:74,43
DA:76,43
DA:86,43
DA:98,43
LF:33
LH:30
BRDA:31,0,0,8
BRDA:31,0,1,8
BRDA:31,0,2,0
BRDA:35,1,0,0
BRDA:35,1,1,8
BRDA:38,2,0,1468
BRDA:49,3,0,1797
BRDA:49,3,1,411
BRDA:49,3,2,411
BRDA:54,4,0,1789
BRDA:54,4,1,403
BRDA:60,5,0,8
BRDA:60,5,1,8
BRDA:69,6,0,235
BRDA:69,6,1,235
BRDA:69,6,2,235
BRF:16
BRH:14
end_of_record
TN:
SF:/home/dtaylor/repos/patternfly-react/packages/patternfly-3/patternfly-react/src/common/patternfly.js
FN:9,(anonymous_0)
FN:10,(anonymous_1)
FN:11,(anonymous_2)
FNF:3
FNH:2
FNDA:16,(anonymous_0)
FNDA:5,(anonymous_1)
FNDA:0,(anonymous_2)
DA:5,44
DA:6,44
DA:8,44
DA:9,16
DA:14,44
LF:5
LH:5
BRDA:14,0,0,44
BRDA:14,0,1,0
BRF:2
BRH:1
end_of_record
TN:
SF:/home/dtaylor/repos/patternfly-react/packages/patternfly-3/patternfly-react/src/components/AboutModal/AboutModal.js
FN:12,(anonymous_0)
FNF:1
FNH:1
FNDA:2,(anonymous_0)
DA:12,16
DA:24,2
DA:39,16
DA:43,16
DA:63,16
DA:72,16
DA:73,16
LF:7
LH:7
BRF:0
BRH:0
end_of_record
TN:
SF:/home/dtaylor/repos/patternfly-react/packages/patternfly-3/patternfly-react/src/components/AboutModal/AboutModalVersionItem.js
FN:4,(anonymous_0)
FNF:1
FNH:1
FNDA:3,(anonymous_0)
DA:4,16
DA:5,3
DA:10,16
DA:19,16
LF:4
LH:4
BRF:0
BRH:0
end_of_record
TN:
SF:/home/dtaylor/repos/patternfly-react/packages/patternfly-3/patternfly-react/src/components/AboutModal/AboutModalVersions.js
FN:5,(anonymous_0)
FNF:1
FNH:1
FNDA:3,(anonymous_0)
DA:5,16
DA:6,3
DA:8,3
DA:15,16
DA:22,16
LF:5
LH:5
BRF:0
BRH:0
end_of_record
TN:
SF:/home/dtaylor/repos/patternfly-react/packages/patternfly-3/patternfly-react/src/components/AboutModal/index.js
FNF:0
FNH:0
LF:0
LH:0
BRF:0
BRH:0
end_of_record
TN:
SF:/home/dtaylor/repos/patternfly-react/packages/patternfly-3/patternfly-react/src/components/Alert/Alert.js
FN:12,(anonymous_0)
FNF:1
FNH:1
FNDA:48,(anonymous_0)
DA:12,18
DA:13,48
DA:15,48
DA:19,46
DA:21,46
DA:33,18
DA:43,18
DA:49,18
LF:8
LH:8
BRDA:23,0,0,46
BRDA:23,0,1,41
BRF:2
BRH:2
end_of_record
TN:
SF:/home/dtaylor/repos/patternfly-react/packages/patternfly-3/patternfly-react/src/components/Alert/AlertConstants.js
FNF:0
FNH:0
DA:1,19
DA:2,19
DA:3,19
DA:4,19
DA:5,19
DA:7,19
DA:9,19
LF:7
LH:7
BRF:0
BRH:0
end_of_record
TN:
SF:/home/dtaylor/repos/patternfly-react/packages/patternfly-3/patternfly-react/src/components/Alert/helpers.js
FN:9,(anonymous_0)
FN:19,(anonymous_1)
FN:35,(anonymous_2)
FNF:3
FNH:3
FNDA:53,(anonymous_0)
FNDA:51,(anonymous_1)
FNDA:53,(anonymous_2)
DA:9,19
DA:10,53
DA:12,3
DA:19,19
DA:20,51
DA:23,7
DA:25,35
DA:27,5
DA:29,4
DA:31,0
DA:35,19
DA:36,53
DA:39,7
DA:41,35
DA:43,5
DA:45,4
DA:47,2
LF:17
LH:16
BRDA:10,0,0,3
BRDA:10,0,1,50
BRDA:20,1,0,3
BRDA:20,1,1,7
BRDA:20,1,2,35
BRDA:20,1,3,5
BRDA:20,1,4,4
BRDA:20,1,5,0
BRDA:36,2,0,3
BRDA:36,2,1,7
BRDA:36,2,2,35
BRDA:36,2,3,5
BRDA:36,2,4,4
BRDA:36,2,5,2
BRF:14
BRH:13
end_of_record
TN:
SF:/home/dtaylor/repos/patternfly-react/packages/patternfly-3/patternfly-react/src/components/Alert/index.js
FNF:0
FNH:0
LF:0
LH:0
BRF:0
BRH:0
end_of_record
TN:
SF:/home/dtaylor/repos/patternfly-react/packages/patternfly-3/patternfly-react/src/components/ApplicationLauncher/ApplicationLauncher.js
FN:9,(anonymous_0)
FN:31,(anonymous_1)
FNF:2
FNH:1
FNDA:6,(anonymous_0)
FNDA:0,(anonymous_1)
DA:9,18
DA:19,6
DA:26,6
DA:31,0
DA:39,18
DA:55,18
DA:64,18
DA:65,18
LF:8
LH:7
BRF:0
BRH:0
end_of_record
TN:
SF:/home/dtaylor/repos/patternfly-react/packages/patternfly-3/patternfly-react/src/components/ApplicationLauncher/ApplicationLauncherItem.js
FN:8,(anonymous_0)
FN:20,(anonymous_1)
FN:30,(anonymous_2)
FNF:3
FNH:1
FNDA:23,(anonymous_0)
FNDA:0,(anonymous_1)
FNDA:0,(anonymous_2)
DA:8,18
DA:9,23
DA:11,23
DA:12,22
DA:20,0
DA:28,1
DA:30,0
DA:37,18
DA:53,18
LF:9
LH:7
BRDA:11,0,0,22
BRDA:11,0,1,1
BRDA:21,1,0,22
BRDA:21,1,1,14
BRDA:31,2,0,1
BRDA:31,2,1,1
BRF:6
BRH:6
end_of_record
TN:
SF:/home/dtaylor/repos/patternfly-react/packages/patternfly-3/patternfly-react/src/components/ApplicationLauncher/ApplicationLauncherToggle.js
FN:8,(anonymous_0)
FNF:1
FNH:1
FNDA:8,(anonymous_0)
DA:8,18
DA:9,8
DA:10,0
DA:21,8
DA:33,18
DA:43,18
LF:6
LH:5
BRDA:9,0,0,0
BRDA:9,0,1,8
BRF:2
BRH:1
end_of_record
TN:
SF:/home/dtaylor/repos/patternfly-react/packages/patternfly-3/patternfly-react/src/components/ApplicationLauncher/index.js
FNF:0
FNH:0
LF:0
LH:0
BRF:0
BRH:0
end_of_record
TN:
SF:/home/dtaylor/repos/patternfly-react/packages/patternfly-3/patternfly-react/src/components/ApplicationLauncher/Wrappers/ApplicationLauncherWrapper.js
FN:7,(anonymous_0)
FN:8,(anonymous_1)
FN:66,(anonymous_2)
FNF:3
FNH:2
FNDA:5,(anonymous_0)
FNDA:20,(anonymous_1)
FNDA:0,(anonymous_2)
DA:7,1
DA:8,5
DA:9,20
DA:20,5
DA:32,1
DA:55,1
DA:67,0
LF:7
LH:6
BRF:0
BRH:0
end_of_record
TN:
SF:/home/dtaylor/repos/patternfly-react/packages/patternfly-3/patternfly-react/src/components/ApplicationLauncher/Wrappers/StatefulApplicationLauncherWrapper.js
FN:7,(anonymous_0)
FN:15,(anonymous_1)
FN:19,(anonymous_2)
FN:23,(anonymous_3)
FN:66,(anonymous_4)
FNF:5
FNH:2
FNDA:1,(anonymous_0)
FNDA:0,(anonymous_1)
FNDA:0,(anonymous_2)
FNDA:1,(anonymous_3)
FNDA:0,(anonymous_4)
DA:8,1
DA:10,1
DA:16,0
DA:20,0
DA:24,1
DA:37,1
DA:56,1
DA:67,0
LF:8
LH:5
BRDA:20,0,0,0
BRDA:20,0,1,0
BRF:2
BRH:0
end_of_record
TN:
SF:/home/dtaylor/repos/patternfly-react/packages/patternfly-3/patternfly-react/src/components/Badge/Badge.js
FNF:0
FNH:0
LF:0
LH:0
BRF:0
BRH:0
end_of_record
TN:
SF:/home/dtaylor/repos/patternfly-react/packages/patternfly-3/patternfly-react/src/components/Badge/index.js
FNF:0
FNH:0
LF:0
LH:0
BRF:0
BRH:0
end_of_record
TN:
SF:/home/dtaylor/repos/patternfly-react/packages/patternfly-3/patternfly-react/src/components/Breadcrumb/Breadcrumb.js
FN:6,(anonymous_0)
FNF:1
FNH:1
FNDA:2,(anonymous_0)
DA:6,17
DA:7,2
DA:10,2
DA:13,17
DA:18,17
DA:22,17
LF:6
LH:6
BRF:0
BRH:0
end_of_record
TN:
SF:/home/dtaylor/repos/patternfly-react/packages/patternfly-3/patternfly-react/src/components/Breadcrumb/index.js
FNF:0
FNH:0
LF:0
LH:0
BRF:0
BRH:0
end_of_record
TN:
SF:/home/dtaylor/repos/patternfly-react/packages/patternfly-3/patternfly-react/src/components/Button/Button.js
FNF:0
FNH:0
DA:6,37
DA:7,37
DA:8,37
LF:3
LH:3
BRF:0
BRH:0
end_of_record
TN:
SF:/home/dtaylor/repos/patternfly-react/packages/patternfly-3/patternfly-react/src/components/Button/ButtonConstants.js
FNF:0
FNH:0
DA:1,39
LF:1
LH:1
BRF:0
BRH:0
end_of_record
TN:
SF:/home/dtaylor/repos/patternfly-react/packages/patternfly-3/patternfly-react/src/components/Button/ButtonGroup.js
FNF:0
FNH:0
LF:0
LH:0
BRF:0
BRH:0
end_of_record
TN:
SF:/home/dtaylor/repos/patternfly-react/packages/patternfly-3/patternfly-react/src/components/Button/DropdownButton.js
FN:6,(anonymous_0)
FNF:1
FNH:1
FNDA:70,(anonymous_0)
DA:6,70
DA:8,38
DA:14,38
LF:3
LH:3
BRF:0
BRH:0
end_of_record
TN:
SF:/home/dtaylor/repos/patternfly-react/packages/patternfly-3/patternfly-react/src/components/Button/SplitButton.js
FN:6,(anonymous_0)
FNF:1
FNH:1
FNDA:7,(anonymous_0)
DA:6,38
DA:8,38
DA:14,38
LF:3
LH:3
BRF:0
BRH:0
end_of_record
TN:
SF:/home/dtaylor/repos/patternfly-react/packages/patternfly-3/patternfly-react/src/components/Button/index.js
FNF:0
FNH:0
LF:0
LH:0
BRF:0
BRH:0
end_of_record
TN:
SF:/home/dtaylor/repos/patternfly-react/packages/patternfly-3/patternfly-react/src/components/Cards/Card.js
FN:27,(anonymous_0)
FNF:1
FNH:1
FNDA:30,(anonymous_0)
DA:27,18
DA:28,30
DA:39,30
DA:46,18
DA:63,18
DA:72,18
DA:73,18
DA:74,18
DA:75,18
DA:76,18
DA:77,18
DA:78,18
DA:79,18
DA:80,18
DA:81,18
DA:82,18
DA:83,18
DA:84,18
DA:85,18
DA:86,18
DA:87,18
DA:88,18
LF:22
LH:22
BRF:0
BRH:0
end_of_record
TN:
SF:/home/dtaylor/repos/patternfly-react/packages/patternfly-3/patternfly-react/src/components/Cards/CardBody.js
FN:5,(anonymous_0)
FNF:1
FNH:1
FNDA:1,(anonymous_0)
DA:5,18
DA:6,1
DA:8,1
DA:14,18
DA:20,18
LF:5
LH:5
BRF:0
BRH:0
end_of_record
TN:
SF:/home/dtaylor/repos/patternfly-react/packages/patternfly-3/patternfly-react/src/components/Cards/CardDropdownButton.js
FN:7,(anonymous_0)
FN:9,(anonymous_1)
FNF:2
FNH:2
FNDA:1,(anonymous_0)
FNDA:2,(anonymous_1)
DA:7,18
DA:8,1
DA:9,2
DA:10,1
DA:17,18
DA:29,18
LF:6
LH:6
BRF:0
BRH:0
end_of_record
TN:
SF:/home/dtaylor/repos/patternfly-react/packages/patternfly-3/patternfly-react/src/components/Cards/CardFooter.js
FN:5,(anonymous_0)
FNF:1
FNH:1
FNDA:1,(anonymous_0)
DA:5,18
DA:6,1
DA:8,1
DA:14,18
DA:20,18
LF:5
LH:5
BRF:0
BRH:0
end_of_record
TN:
SF:/home/dtaylor/repos/patternfly-react/packages/patternfly-3/patternfly-react/src/components/Cards/CardGrid.js
FN:7,(anonymous_0)
FNF:1
FNH:1
FNDA:1,(anonymous_0)
DA:7,18
DA:8,1
DA:9,1
DA:11,1
DA:12,0
DA:18,1
DA:25,18
DA:33,18
DA:38,18
DA:39,18
DA:40,18
LF:11
LH:10
BRDA:11,0,0,0
BRDA:11,0,1,1
BRF:2
BRH:1
end_of_record
TN:
SF:/home/dtaylor/repos/patternfly-react/packages/patternfly-3/patternfly-react/src/components/Cards/CardHeading.js
FN:5,(anonymous_0)
FNF:1
FNH:1
FNDA:1,(anonymous_0)
DA:5,18
DA:6,1
DA:8,1
DA:14,18
DA:20,18
LF:5
LH:5
BRF:0
BRH:0
end_of_record
TN:
SF:/home/dtaylor/repos/patternfly-react/packages/patternfly-3/patternfly-react/src/components/Cards/CardHeightMatching.js
FN:7,(anonymous_0)
FN:14,(anonymous_1)
FN:19,(anonymous_2)
FN:21,(anonymous_3)
FN:26,(anonymous_4)
FN:30,(anonymous_5)
FN:32,(anonymous_6)
FN:34,(anonymous_7)
FN:38,(anonymous_8)
FN:39,(anonymous_9)
FN:45,(anonymous_10)
FN:53,(anonymous_11)
FN:54,(anonymous_12)
FN:54,(anonymous_13)
FN:55,(anonymous_14)
FN:57,(anonymous_15)
FN:61,(anonymous_16)
FN:70,(anonymous_17)
FN:74,(anonymous_18)
FNF:19
FNH:19
FNDA:8,(anonymous_0)
FNDA:8,(anonymous_1)
FNDA:1,(anonymous_2)
FNDA:1,(anonymous_3)
FNDA:3,(anonymous_4)
FNDA:9,(anonymous_5)
FNDA:17,(anonymous_6)
FNDA:2,(anonymous_7)
FNDA:12,(anonymous_8)
FNDA:8,(anonymous_9)
FNDA:11,(anonymous_10)
FNDA:17,(anonymous_11)
FNDA:23,(anonymous_12)
FNDA:23,(anonymous_13)
FNDA:17,(anonymous_14)
FNDA:23,(anonymous_15)
FNDA:23,(anonymous_16)
FNDA:9,(anonymous_17)
FNDA:13,(anonymous_18)
DA:8,8
DA:10,8
DA:11,8
DA:16,8
DA:21,1
DA:22,1
DA:27,3
DA:32,9
DA:33,17
DA:34,17
DA:39,12
DA:40,8
DA:42,12
DA:46,11
DA:47,2
DA:51,9
DA:53,9
DA:54,23
DA:55,9
DA:56,17
DA:57,17
DA:58,23
DA:60,17
DA:61,17
DA:62,23
DA:67,9
DA:71,9
DA:75,13
DA:84,19
DA:89,19
LF:30
LH:30
BRDA:10,0,0,7
BRDA:10,0,1,1
BRDA:45,1,0,9
BRDA:46,2,0,2
BRDA:46,2,1,9
BRF:5
BRH:5
end_of_record
TN:
SF:/home/dtaylor/repos/patternfly-react/packages/patternfly-3/patternfly-react/src/components/Cards/CardLink.js
FN:5,(anonymous_0)
FNF:1
FNH:1
FNDA:1,(anonymous_0)
DA:5,18
DA:6,1
DA:14,1
DA:23,18
DA:35,18
LF:5
LH:5
BRF:0
BRH:0
end_of_record
TN:
SF:/home/dtaylor/repos/patternfly-react/packages/patternfly-3/patternfly-react/src/components/Cards/CardTitle.js
FN:5,(anonymous_0)
FNF:1
FNH:1
FNDA:2,(anonymous_0)
DA:5,18
DA:6,2
DA:8,2
DA:14,18
DA:20,18
LF:5
LH:5
BRF:0
BRH:0
end_of_record
TN:
SF:/home/dtaylor/repos/patternfly-react/packages/patternfly-3/patternfly-react/src/components/Cards/index.js
FNF:0
FNH:0
LF:0
LH:0
BRF:0
BRH:0
end_of_record
TN:
SF:/home/dtaylor/repos/patternfly-react/packages/patternfly-3/patternfly-react/src/components/Cards/AggregateStatusCard/AggregateStatusCount.js
FN:5,(anonymous_0)
FNF:1
FNH:1
FNDA:1,(anonymous_0)
DA:5,19
DA:6,1
DA:8,1
DA:14,19
DA:22,19
LF:5
LH:5
BRF:0
BRH:0
end_of_record
TN:
SF:/home/dtaylor/repos/patternfly-react/packages/patternfly-3/patternfly-react/src/components/Cards/AggregateStatusCard/AggregateStatusNotification.js
FN:5,(anonymous_0)
FNF:1
FNH:1
FNDA:1,(anonymous_0)
DA:5,19
DA:6,1
DA:8,1
DA:14,19
DA:20,19
LF:5
LH:5
BRF:0
BRH:0
end_of_record
TN:
SF:/home/dtaylor/repos/patternfly-react/packages/patternfly-3/patternfly-react/src/components/Cards/AggregateStatusCard/AggregateStatusNotifications.js
FN:5,(anonymous_0)
FNF:1
FNH:1
FNDA:1,(anonymous_0)
DA:5,19
DA:6,1
DA:8,1
DA:14,19
DA:22,19
LF:5
LH:5
BRF:0
BRH:0
end_of_record
TN:
SF:/home/dtaylor/repos/patternfly-react/packages/patternfly-3/patternfly-react/src/components/Cards/AggregateStatusCard/index.js
FNF:0
FNH:0
LF:0
LH:0
BRF:0
BRH:0
end_of_record
TN:
SF:/home/dtaylor/repos/patternfly-react/packages/patternfly-3/patternfly-react/src/components/Cards/UtilizationTrendCard/UtilizationCard.js
FN:6,(anonymous_0)
FNF:1
FNH:1
FNDA:1,(anonymous_0)
DA:6,18
DA:7,1
DA:9,1
DA:15,18
DA:21,18
LF:5
LH:5
BRF:0
BRH:0
end_of_record
TN:
SF:/home/dtaylor/repos/patternfly-react/packages/patternfly-3/patternfly-react/src/components/Cards/UtilizationTrendCard/UtilizationCardDetails.js
FN:5,(anonymous_0)
FNF:1
FNH:1
FNDA:1,(anonymous_0)
DA:5,18
DA:6,1
DA:8,1
DA:14,18
DA:20,18
LF:5
LH:5
BRF:0
BRH:0
end_of_record
TN:
SF:/home/dtaylor/repos/patternfly-react/packages/patternfly-3/patternfly-react/src/components/Cards/UtilizationTrendCard/UtilizationCardDetailsCount.js
FN:5,(anonymous_0)
FNF:1
FNH:1
FNDA:1,(anonymous_0)
DA:5,18
DA:6,1
DA:8,1
DA:14,18
DA:20,18
LF:5
LH:5
BRF:0
BRH:0
end_of_record
TN:
SF:/home/dtaylor/repos/patternfly-react/packages/patternfly-3/patternfly-react/src/components/Cards/UtilizationTrendCard/UtilizationCardDetailsDesc.js
FN:5,(anonymous_0)
FNF:1
FNH:1
FNDA:2,(anonymous_0)
DA:5,18
DA:6,2
DA:8,2
DA:14,18
DA:20,18
LF:5
LH:5
BRF:0
BRH:0
end_of_record
TN:
SF:/home/dtaylor/repos/patternfly-react/packages/patternfly-3/patternfly-react/src/components/Cards/UtilizationTrendCard/UtilizationCardDetailsLine1.js
FN:5,(anonymous_0)
FNF:1
FNH:1
FNDA:3,(anonymous_0)
DA:5,18
DA:6,3
DA:8,3
DA:14,18
DA:20,18
LF:5
LH:5
BRF:0
BRH:0
end_of_record
TN:
SF:/home/dtaylor/repos/patternfly-react/packages/patternfly-3/patternfly-react/src/components/Cards/UtilizationTrendCard/UtilizationCardDetailsLine2.js
FN:5,(anonymous_0)
FNF:1
FNH:1
FNDA:3,(anonymous_0)
DA:5,18
DA:6,3
DA:8,3
DA:14,18
DA:20,18
LF:5
LH:5
BRF:0
BRH:0
end_of_record
TN:
SF:/home/dtaylor/repos/patternfly-react/packages/patternfly-3/patternfly-react/src/components/Cards/UtilizationTrendCard/index.js
FNF:0
FNH:0
DA:8,18
DA:9,18
DA:10,18
DA:11,18
DA:12,18
LF:5
LH:5
BRF:0
BRH:0
end_of_record
TN:
SF:/home/dtaylor/repos/patternfly-react/packages/patternfly-3/patternfly-react/src/components/Chart/AreaChart.js
FN:5,(anonymous_0)
FNF:1
FNH:0
FNDA:0,(anonymous_0)
DA:5,21
DA:6,0
LF:2
LH:1
BRF:0
BRH:0
end_of_record
TN:
SF:/home/dtaylor/repos/patternfly-react/packages/patternfly-3/patternfly-react/src/components/Chart/BarChart.js
FN:7,(anonymous_0)
FN:21,(anonymous_1)
FNF:2
FNH:0
FNDA:0,(anonymous_0)
FNDA:0,(anonymous_1)
DA:7,21
DA:8,0
DA:11,0
DA:12,0
DA:15,0
DA:18,21
DA:21,0
LF:7
LH:2
BRDA:11,0,0,0
BRDA:11,0,1,0
BRF:2
BRH:0
end_of_record
TN:
SF:/home/dtaylor/repos/patternfly-react/packages/patternfly-3/patternfly-react/src/components/Chart/ChartConstants.js
FN:78,(anonymous_0)
FN:89,(anonymous_1)
FN:103,(anonymous_2)
FNF:3
FNH:1
FNDA:0,(anonymous_0)
FNDA:210,(anonymous_1)
FNDA:0,(anonymous_2)
DA:11,21
DA:78,21
DA:79,0
DA:82,0
DA:83,0
DA:86,0
DA:89,21
DA:90,210
DA:92,210
DA:103,0
LF:10
LH:5
BRDA:82,0,0,0
BRDA:82,0,1,0
BRDA:82,1,0,0
BRDA:82,1,1,0
BRF:4
BRH:0
end_of_record
TN:
SF:/home/dtaylor/repos/patternfly-react/packages/patternfly-3/patternfly-react/src/components/Chart/DonutChart.js
FN:10,(anonymous_0)
FN:10,(anonymous_1)
FN:12,(anonymous_2)
FN:19,(anonymous_3)
FN:57,(anonymous_4)
FNF:5
FNH:0
FNDA:0,(anonymous_0)
FNDA:0,(anonymous_1)
FNDA:0,(anonymous_2)
FNDA:0,(anonymous_3)
FNDA:0,(anonymous_4)
DA:9,21
DA:10,21
DA:12,21
DA:16,0
DA:17,0
DA:18,0
DA:19,0
DA:20,0
DA:22,0
DA:24,0
DA:25,0
DA:26,0
DA:28,0
DA:29,0
DA:30,0
DA:33,0
DA:34,0
DA:37,0
DA:45,21
DA:47,0
DA:50,0
DA:54,21
DA:57,0
LF:23
LH:5
BRDA:10,0,0,0
BRDA:10,0,1,0
BRDA:17,1,0,0
BRDA:22,2,0,0
BRDA:22,2,1,0
BRDA:22,2,2,0
BRDA:22,2,3,0
BRDA:40,3,0,0
BRDA:40,3,1,0
BRDA:41,4,0,0
BRDA:41,4,1,0
BRF:11
BRH:0
end_of_record
TN:
SF:/home/dtaylor/repos/patternfly-react/packages/patternfly-3/patternfly-react/src/components/Chart/GroupedBarChart.js
FN:5,(anonymous_0)
FNF:1
FNH:0
FNDA:0,(anonymous_0)
DA:5,21
DA:6,0
LF:2
LH:1
BRF:0
BRH:0
end_of_record
TN:
SF:/home/dtaylor/repos/patternfly-react/packages/patternfly-3/patternfly-react/src/components/Chart/LineChart.js
FN:5,(anonymous_0)
FNF:1
FNH:0
FNDA:0,(anonymous_0)
DA:5,21
DA:6,0
LF:2
LH:1
BRF:0
BRH:0
end_of_record
TN:
SF:/home/dtaylor/repos/patternfly-react/packages/patternfly-3/patternfly-react/src/components/Chart/PieChart.js
FN:5,(anonymous_0)
FNF:1
FNH:0
FNDA:0,(anonymous_0)
DA:5,21
DA:6,0
LF:2
LH:1
BRF:0
BRH:0
end_of_record
TN:
SF:/home/dtaylor/repos/patternfly-react/packages/patternfly-3/patternfly-react/src/components/Chart/SingleAreaChart.js
FN:5,(anonymous_0)
FNF:1
FNH:0
FNDA:0,(anonymous_0)
DA:5,21
DA:6,0
LF:2
LH:1
BRF:0
BRH:0
end_of_record
TN:
SF:/home/dtaylor/repos/patternfly-react/packages/patternfly-3/patternfly-react/src/components/Chart/SingleLineChart.js
FN:5,(anonymous_0)
FNF:1
FNH:0
FNDA:0,(anonymous_0)
DA:5,21
DA:6,0
LF:2
LH:1
BRF:0
BRH:0
end_of_record
TN:
SF:/home/dtaylor/repos/patternfly-react/packages/patternfly-3/patternfly-react/src/components/Chart/SparklineChart.js
FN:5,(anonymous_0)
FNF:1
FNH:0
FNDA:0,(anonymous_0)
DA:5,21
DA:6,0
LF:2
LH:1
BRF:0
BRH:0
end_of_record
TN:
SF:/home/dtaylor/repos/patternfly-react/packages/patternfly-3/patternfly-react/src/components/Chart/StackedBarChart.js
FN:5,(anonymous_0)
FNF:1
FNH:0
FNDA:0,(anonymous_0)
DA:5,21
DA:6,0
LF:2
LH:1
BRF:0
BRH:0
end_of_record
TN:
SF:/home/dtaylor/repos/patternfly-react/packages/patternfly-3/patternfly-react/src/components/Chart/index.js
FNF:0
FNH:0
LF:0
LH:0
BRF:0
BRH:0
end_of_record
TN:
SF:/home/dtaylor/repos/patternfly-react/packages/patternfly-3/patternfly-react/src/components/Chart/BulletChart/BulletChart.js
FN:17,(anonymous_0)
FN:38,(anonymous_1)
FN:76,(anonymous_2)
FN:82,(anonymous_3)
FN:89,(anonymous_4)
FN:92,(anonymous_5)
FN:95,(anonymous_6)
FN:107,(anonymous_7)
FN:122,(anonymous_8)
FN:130,(anonymous_9)
FN:140,(anonymous_10)
FN:141,(anonymous_11)
FN:161,(anonymous_12)
FN:163,(anonymous_13)
FN:211,(anonymous_14)
FN:228,(anonymous_15)
FN:242,(anonymous_16)
FN:270,(anonymous_17)
FNF:18
FNH:14
FNDA:0,(anonymous_0)
FNDA:25,(anonymous_1)
FNDA:52,(anonymous_2)
FNDA:57,(anonymous_3)
FNDA:20,(anonymous_4)
FNDA:25,(anonymous_5)
FNDA:57,(anonymous_6)
FNDA:57,(anonymous_7)
FNDA:25,(anonymous_8)
FNDA:0,(anonymous_9)
FNDA:25,(anonymous_10)
FNDA:0,(anonymous_11)
FNDA:39,(anonymous_12)
FNDA:0,(anonymous_13)
FNDA:25,(anonymous_14)
FNDA:72,(anonymous_15)
FNDA:24,(anonymous_16)
FNDA:25,(anonymous_17)
DA:17,21
DA:19,21
DA:26,21
DA:38,21
DA:63,25
DA:67,25
DA:68,25
DA:69,24
DA:70,72
DA:71,69
DA:73,3
DA:76,52
DA:79,25
DA:81,25
DA:82,25
DA:83,57
DA:84,15
DA:88,25
DA:89,20
DA:92,25
DA:93,25
DA:95,25
DA:96,57
DA:97,17
DA:98,17
DA:100,17
DA:102,40
DA:105,25
DA:108,57
DA:122,25
DA:123,25
DA:124,14
DA:125,1
DA:128,13
DA:129,13
DA:130,13
DA:131,0
DA:132,0
DA:134,0
DA:135,0
DA:138,13
DA:141,25
DA:142,0
DA:143,0
DA:146,0
DA:147,0
DA:150,25
DA:151,25
DA:162,39
DA:163,39
DA:164,0
DA:165,0
DA:168,0
DA:169,0
DA:172,39
DA:174,39
DA:186,0
DA:208,11
DA:211,25
DA:212,25
DA:229,72
DA:242,25
DA:243,24
DA:244,1
DA:247,23
DA:270,25
DA:271,25
DA:275,25
DA:281,25
DA:282,6
DA:285,19
DA:288,25
DA:300,21
DA:371,21
DA:396,21
DA:397,21
DA:399,21
DA:400,21
DA:401,21
DA:402,21
DA:403,21
DA:404,21
DA:405,21
DA:406,21
LF:84
LH:71
BRDA:68,0,0,24
BRDA:68,0,1,1
BRDA:70,1,0,69
BRDA:70,1,1,3
BRDA:81,2,0,0
BRDA:81,2,1,25
BRDA:83,3,0,15
BRDA:83,3,1,42
BRDA:83,4,0,57
BRDA:83,4,1,20
BRDA:88,5,0,20
BRDA:88,5,1,5
BRDA:96,6,0,17
BRDA:96,6,1,40
BRDA:123,7,0,14
BRDA:123,7,1,11
BRDA:124,8,0,1
BRDA:124,8,1,13
BRDA:128,9,0,13
BRDA:128,9,1,12
BRDA:129,10,0,13
BRDA:129,10,1,12
BRDA:131,11,0,0
BRDA:131,11,1,0
BRDA:134,12,0,0
BRDA:134,12,1,0
BRDA:142,13,0,0
BRDA:142,13,1,0
BRDA:146,14,0,0
BRDA:146,14,1,0
BRDA:147,15,0,0
BRDA:147,15,1,0
BRDA:150,16,0,25
BRDA:150,16,1,24
BRDA:154,17,0,25
BRDA:154,17,1,24
BRDA:154,17,2,23
BRDA:162,18,0,39
BRDA:162,18,1,0
BRDA:162,19,0,39
BRDA:162,19,1,39
BRDA:162,20,0,36
BRDA:162,20,1,3
BRDA:164,21,0,0
BRDA:164,21,1,0
BRDA:168,22,0,0
BRDA:168,22,1,0
BRDA:169,23,0,0
BRDA:169,23,1,0
BRDA:172,24,0,39
BRDA:172,24,1,38
BRDA:177,25,0,39
BRDA:177,25,1,38
BRDA:177,25,2,37
BRDA:188,26,0,13
BRDA:188,26,1,2
BRDA:196,27,0,13
BRDA:196,27,1,2
BRDA:243,28,0,1
BRDA:243,28,1,23
BRDA:252,29,0,22
BRDA:252,29,1,1
BRDA:257,30,0,22
BRDA:257,30,1,1
BRDA:262,31,0,22
BRDA:262,31,1,1
BRDA:265,32,0,22
BRDA:265,32,1,1
BRDA:277,33,0,25
BRDA:277,33,1,24
BRDA:281,34,0,6
BRDA:281,34,1,19
BRF:72
BRH:54
end_of_record
TN:
SF:/home/dtaylor/repos/patternfly-react/packages/patternfly-3/patternfly-react/src/components/Chart/BulletChart/BulletChartAxis.js
FN:5,(anonymous_0)
FNF:1
FNH:1
FNDA:3,(anonymous_0)
DA:5,21
DA:6,3
DA:8,3
DA:11,21
DA:18,21
LF:5
LH:5
BRF:0
BRH:0
end_of_record
TN:
SF:/home/dtaylor/repos/patternfly-react/packages/patternfly-3/patternfly-react/src/components/Chart/BulletChart/BulletChartAxisTic.js
FN:5,(anonymous_0)
FNF:1
FNH:1
FNDA:3,(anonymous_0)
DA:5,21
DA:6,3
DA:9,3
DA:10,1
DA:12,2
DA:15,3
DA:22,21
DA:33,21
LF:8
LH:8
BRDA:9,0,0,1
BRDA:9,0,1,2
BRDA:17,1,0,3
BRDA:17,1,1,2
BRF:4
BRH:4
end_of_record
TN:
SF:/home/dtaylor/repos/patternfly-react/packages/patternfly-3/patternfly-react/src/components/Chart/BulletChart/BulletChartLegend.js
FN:5,(anonymous_0)
FNF:1
FNH:1
FNDA:1,(anonymous_0)
DA:5,21
DA:6,1
DA:8,1
DA:15,21
DA:21,21
LF:5
LH:5
BRF:0
BRH:0
end_of_record
TN:
SF:/home/dtaylor/repos/patternfly-react/packages/patternfly-3/patternfly-react/src/components/Chart/BulletChart/BulletChartLegendItem.js
FN:8,(anonymous_0)
FN:10,(anonymous_1)
FN:24,(anonymous_2)
FNF:3
FNH:2
FNDA:0,(anonymous_0)
FNDA:2,(anonymous_1)
FNDA:2,(anonymous_2)
DA:8,21
DA:10,21
DA:20,2
DA:22,2
DA:24,2
DA:25,2
DA:26,1
DA:29,1
DA:32,2
DA:53,21
DA:70,21
LF:11
LH:11
BRDA:25,0,0,1
BRDA:25,0,1,1
BRDA:29,1,0,1
BRDA:29,1,1,0
BRF:4
BRH:3
end_of_record
TN:
SF:/home/dtaylor/repos/patternfly-react/packages/patternfly-3/patternfly-react/src/components/Chart/BulletChart/BulletChartRange.js
FN:5,(anonymous_0)
FNF:1
FNH:1
FNDA:4,(anonymous_0)
DA:5,21
DA:6,4
DA:7,4
DA:8,2
DA:9,2
DA:14,2
DA:15,0
DA:17,2
DA:20,2
DA:23,21
DA:40,21
LF:11
LH:10
BRDA:7,0,0,2
BRDA:7,0,1,2
BRDA:7,1,0,4
BRDA:7,1,1,3
BRDA:7,2,0,3
BRDA:7,2,1,0
BRDA:8,3,0,2
BRDA:8,3,1,0
BRDA:10,4,0,1
BRDA:10,4,1,1
BRDA:11,5,0,1
BRDA:11,5,1,1
BRDA:14,6,0,0
BRDA:14,6,1,2
BRF:14
BRH:11
end_of_record
TN:
SF:/home/dtaylor/repos/patternfly-react/packages/patternfly-3/patternfly-react/src/components/Chart/BulletChart/BulletChartThreshold.js
FN:5,(anonymous_0)
FNF:1
FNH:1
FNDA:5,(anonymous_0)
DA:5,21
DA:6,5
DA:8,5
DA:9,3
DA:10,3
DA:22,2
DA:25,21
DA:38,21
LF:8
LH:8
BRDA:6,0,0,4
BRDA:6,0,1,1
BRDA:8,1,0,3
BRDA:8,1,1,2
BRDA:8,2,0,5
BRDA:8,2,1,4
BRDA:14,3,0,1
BRDA:14,3,1,2
BRDA:15,4,0,1
BRDA:15,4,1,2
BRF:10
BRH:10
end_of_record
TN:
SF:/home/dtaylor/repos/patternfly-react/packages/patternfly-3/patternfly-react/src/components/Chart/BulletChart/BulletChartTitle.js
FN:5,(anonymous_0)
FNF:1
FNH:1
FNDA:1,(anonymous_0)
DA:5,21
DA:6,1
DA:8,1
DA:16,21
DA:25,21
LF:5
LH:5
BRF:0
BRH:0
end_of_record
TN:
SF:/home/dtaylor/repos/patternfly-react/packages/patternfly-3/patternfly-react/src/components/Chart/BulletChart/BulletChartValue.js
FN:7,(anonymous_0)
FN:9,(anonymous_1)
FN:14,(anonymous_2)
FNF:3
FNH:2
FNDA:0,(anonymous_0)
FNDA:7,(anonymous_1)
FNDA:7,(anonymous_2)
DA:7,21
DA:9,21
DA:10,7
DA:11,7
DA:12,7
DA:14,7
DA:15,7
DA:16,4
DA:19,3
DA:20,3
DA:23,7
DA:32,7
DA:33,3
DA:46,4
DA:47,4
DA:62,7
DA:75,21
DA:98,21
LF:18
LH:18
BRDA:10,0,0,6
BRDA:10,0,1,1
BRDA:11,1,0,6
BRDA:11,1,1,1
BRDA:15,2,0,4
BRDA:15,2,1,3
BRDA:19,3,0,3
BRDA:19,3,1,0
BRDA:20,4,0,3
BRDA:20,4,1,0
BRDA:32,5,0,3
BRDA:32,5,1,4
BRDA:37,6,0,1
BRDA:37,6,1,2
BRDA:38,7,0,1
BRDA:38,7,1,2
BRDA:46,8,0,3
BRDA:46,8,1,1
BRDA:51,9,0,1
BRDA:51,9,1,3
BRDA:52,10,0,1
BRDA:52,10,1,3
BRDA:53,11,0,1
BRDA:53,11,1,3
BRDA:54,12,0,1
BRDA:54,12,1,3
BRDA:66,13,0,2
BRDA:66,13,1,5
BRF:28
BRH:26
end_of_record
TN:
SF:/home/dtaylor/repos/patternfly-react/packages/patternfly-3/patternfly-react/src/components/Chart/BulletChart/index.js
FNF:0
FNH:0
LF:0
LH:0
BRF:0
BRH:0
end_of_record
TN:
SF:/home/dtaylor/repos/patternfly-react/packages/patternfly-3/patternfly-react/src/components/Dropdown/Dropdown.js
FNF:0
FNH:0
DA:4,27
LF:1
LH:1
BRF:0
BRH:0
end_of_record
TN:
SF:/home/dtaylor/repos/patternfly-react/packages/patternfly-3/patternfly-react/src/components/Dropdown/NavDropdown.js
FNF:0
FNH:0
LF:0
LH:0
BRF:0
BRH:0
end_of_record
TN:
SF:/home/dtaylor/repos/patternfly-react/packages/patternfly-3/patternfly-react/src/components/Dropdown/index.js
FNF:0
FNH:0
LF:0
LH:0
BRF:0
BRH:0
end_of_record
TN:
SF:/home/dtaylor/repos/patternfly-react/packages/patternfly-3/patternfly-react/src/components/DropdownKebab/DropdownKebab.js
FN:11,(anonymous_0)
FNF:1
FNH:1
FNDA:58,(anonymous_0)
DA:11,18
DA:12,58
DA:13,58
DA:22,18
DA:38,18
LF:5
LH:5
BRF:0
BRH:0
end_of_record
TN:
SF:/home/dtaylor/repos/patternfly-react/packages/patternfly-3/patternfly-react/src/components/DropdownKebab/index.js
FNF:0
FNH:0
LF:0
LH:0
BRF:0
BRH:0
end_of_record
TN:
SF:/home/dtaylor/repos/patternfly-react/packages/patternfly-3/patternfly-react/src/components/DualListSelector/DualList.js
FN:28,(anonymous_0)
FN:32,(anonymous_1)
FN:72,(anonymous_2)
FN:99,(anonymous_3)
FN:115,(anonymous_4)
FN:121,(anonymous_5)
FN:143,(anonymous_6)
FN:149,(anonymous_7)
FN:164,(anonymous_8)
FN:207,(anonymous_9)
FN:215,(anonymous_10)
FN:223,(anonymous_11)
FNF:12
FNH:12
FNDA:9,(anonymous_0)
FNDA:6,(anonymous_1)
FNDA:1,(anonymous_2)
FNDA:1,(anonymous_3)
FNDA:2,(anonymous_4)
FNDA:2,(anonymous_5)
FNDA:3,(anonymous_6)
FNDA:6,(anonymous_7)
FNDA:2,(anonymous_8)
FNDA:1,(anonymous_9)
FNDA:2,(anonymous_10)
FNDA:22,(anonymous_11)
DA:29,9
DA:30,9
DA:40,6
DA:41,6
DA:42,6
DA:43,6
DA:44,6
DA:45,6
DA:46,3
DA:47,3
DA:48,3
DA:49,3
DA:50,2
DA:51,2
DA:52,2
DA:54,1
DA:56,6
DA:57,6
DA:58,0
DA:59,0
DA:60,0
DA:62,6
DA:64,6
DA:80,1
DA:81,1
DA:82,1
DA:83,1
DA:84,0
DA:85,0
DA:86,0
DA:88,1
DA:89,1
DA:91,1
DA:106,1
DA:107,1
DA:108,1
DA:117,2
DA:118,2
DA:129,2
DA:130,2
DA:131,2
DA:132,0
DA:133,0
DA:134,0
DA:135,0
DA:137,2
DA:138,2
DA:139,2
DA:140,2
DA:144,3
DA:145,3
DA:146,3
DA:147,3
DA:148,3
DA:149,3
DA:150,6
DA:151,2
DA:152,2
DA:153,2
DA:154,0
DA:155,0
DA:156,0
DA:159,2
DA:160,2
DA:161,4
DA:162,1
DA:163,1
DA:164,1
DA:165,2
DA:166,1
DA:168,1
DA:171,1
DA:172,1
DA:173,1
DA:174,0
DA:176,1
DA:178,1
DA:179,1
DA:181,1
DA:184,3
DA:186,3
DA:187,1
DA:189,3
DA:190,3
DA:192,3
DA:198,3
DA:204,3
DA:210,1
DA:211,1
DA:212,1
DA:218,2
DA:219,2
DA:220,2
DA:224,22
DA:225,22
DA:231,22
DA:259,16
DA:355,16
LF:98
LH:84
BRDA:45,0,0,3
BRDA:45,0,1,3
BRDA:49,1,0,2
BRDA:49,1,1,1
BRDA:57,2,0,0
BRDA:57,2,1,6
BRDA:60,3,0,0
BRDA:60,3,1,0
BRDA:83,4,0,0
BRDA:83,4,1,1
BRDA:86,5,0,0
BRDA:86,5,1,0
BRDA:89,6,0,0
BRDA:89,6,1,1
BRDA:131,7,0,0
BRDA:131,7,1,2
BRDA:139,8,0,2
BRDA:139,8,1,1
BRDA:144,9,0,2
BRDA:144,9,1,1
BRDA:150,10,0,2
BRDA:150,10,1,4
BRDA:151,11,0,2
BRDA:151,11,1,0
BRDA:153,12,0,0
BRDA:153,12,1,2
BRDA:161,13,0,1
BRDA:161,13,1,3
BRDA:165,14,0,1
BRDA:165,14,1,1
BRDA:171,15,0,1
BRDA:171,15,1,0
BRDA:173,16,0,0
BRDA:173,16,1,1
BRDA:178,17,0,1
BRDA:178,17,1,0
BRDA:186,18,0,1
BRDA:186,18,1,2
BRDA:225,19,0,22
BRDA:225,19,1,0
BRF:40
BRH:26
end_of_record
TN:
SF:/home/dtaylor/repos/patternfly-react/packages/patternfly-3/patternfly-react/src/components/DualListSelector/DualListControlled.js
FN:7,(anonymous_0)
FN:15,(anonymous_1)
FN:24,(anonymous_2)
FN:35,(anonymous_3)
FN:46,(anonymous_4)
FN:56,(anonymous_5)
FN:67,(anonymous_6)
FN:71,(anonymous_7)
FNF:8
FNH:8
FNDA:10,(anonymous_0)
FNDA:23,(anonymous_1)
FNDA:6,(anonymous_2)
FNDA:1,(anonymous_3)
FNDA:1,(anonymous_4)
FNDA:2,(anonymous_5)
FNDA:3,(anonymous_6)
FNDA:23,(anonymous_7)
DA:8,10
DA:9,10
DA:16,23
DA:25,6
DA:36,1
DA:47,1
DA:57,2
DA:68,3
DA:72,23
DA:73,23
LF:10
LH:10
BRDA:16,0,0,0
BRDA:16,0,1,23
BRF:2
BRH:1
end_of_record
TN:
SF:/home/dtaylor/repos/patternfly-react/packages/patternfly-3/patternfly-react/src/components/DualListSelector/constants.js
FNF:0
FNH:0
DA:1,16
DA:3,16
DA:5,16
DA:7,16
DA:9,16
DA:11,16
LF:6
LH:6
BRF:0
BRH:0
end_of_record
TN:
SF:/home/dtaylor/repos/patternfly-react/packages/patternfly-3/patternfly-react/src/components/DualListSelector/helpers.js
FN:1,(anonymous_0)
FN:3,(anonymous_1)
FN:12,(anonymous_2)
FN:27,(anonymous_3)
FN:28,(anonymous_4)
FN:31,(anonymous_5)
FN:38,(anonymous_6)
FN:39,(anonymous_7)
FN:41,(anonymous_8)
FN:43,(anonymous_9)
FN:52,(anonymous_10)
FN:67,(anonymous_11)
FN:76,(anonymous_12)
FN:78,(anonymous_13)
FN:85,(anonymous_14)
FN:94,(anonymous_15)
FN:96,(anonymous_16)
FN:117,(anonymous_17)
FN:118,(anonymous_18)
FN:120,(anonymous_19)
FN:125,(anonymous_20)
FN:134,(anonymous_21)
FN:136,(anonymous_22)
FN:139,(anonymous_23)
FN:148,(anonymous_24)
FN:151,(anonymous_25)
FN:153,(anonymous_26)
FN:155,(anonymous_27)
FN:157,(anonymous_28)
FN:159,(anonymous_29)
FN:169,(anonymous_30)
FN:183,(anonymous_31)
FN:185,(anonymous_32)
FN:188,(anonymous_33)
FN:196,(anonymous_34)
FN:198,(anonymous_35)
FN:203,(anonymous_36)
FN:217,(anonymous_37)
FN:219,(anonymous_38)
FN:222,(anonymous_39)
FN:227,(anonymous_40)
FN:241,(anonymous_41)
FN:243,(anonymous_42)
FN:245,(anonymous_43)
FN:247,(anonymous_44)
FN:249,(anonymous_45)
FN:254,(anonymous_46)
FNF:47
FNH:43
FNDA:2,(anonymous_0)
FNDA:4,(anonymous_1)
FNDA:2,(anonymous_2)
FNDA:1,(anonymous_3)
FNDA:2,(anonymous_4)
FNDA:0,(anonymous_5)
FNDA:40,(anonymous_6)
FNDA:27,(anonymous_7)
FNDA:26,(anonymous_8)
FNDA:41,(anonymous_9)
FNDA:26,(anonymous_10)
FNDA:10,(anonymous_11)
FNDA:20,(anonymous_12)
FNDA:31,(anonymous_13)
FNDA:20,(anonymous_14)
FNDA:46,(anonymous_15)
FNDA:10,(anonymous_16)
FNDA:3,(anonymous_17)
FNDA:6,(anonymous_18)
FNDA:98,(anonymous_19)
FNDA:146,(anonymous_20)
FNDA:1,(anonymous_21)
FNDA:2,(anonymous_22)
FNDA:9,(anonymous_23)
FNDA:6,(anonymous_24)
FNDA:6,(anonymous_25)
FNDA:163,(anonymous_26)
FNDA:12,(anonymous_27)
FNDA:3,(anonymous_28)
FNDA:5,(anonymous_29)
FNDA:0,(anonymous_30)
FNDA:6,(anonymous_31)
FNDA:3,(anonymous_32)
FNDA:3,(anonymous_33)
FNDA:49,(anonymous_34)
FNDA:78,(anonymous_35)
FNDA:6,(anonymous_36)
FNDA:48,(anonymous_37)
FNDA:1,(anonymous_38)
FNDA:1,(anonymous_39)
FNDA:0,(anonymous_40)
FNDA:161,(anonymous_41)
FNDA:86,(anonymous_42)
FNDA:0,(anonymous_43)
FNDA:44,(anonymous_44)
FNDA:68,(anonymous_45)
FNDA:33,(anonymous_46)
DA:1,16
DA:2,2
DA:3,2
DA:4,4
DA:5,4
DA:7,4
DA:9,4
DA:10,2
DA:11,1
DA:12,1
DA:13,2
DA:14,2
DA:15,2
DA:16,2
DA:18,1
DA:20,1
DA:23,4
DA:27,16
DA:28,1
DA:29,2
DA:30,2
DA:31,0
DA:32,0
DA:35,2
DA:38,16
DA:39,40
DA:41,16
DA:43,26
DA:45,41
DA:50,41
DA:52,26
DA:59,41
DA:62,26
DA:64,26
DA:67,16
DA:76,16
DA:77,20
DA:78,20
DA:79,31
DA:80,0
DA:81,0
DA:82,0
DA:84,31
DA:85,10
DA:86,20
DA:87,0
DA:92,20
DA:94,46
DA:96,16
DA:97,10
DA:98,10
DA:99,10
DA:100,10
DA:117,16
DA:118,6
DA:120,16
DA:121,98
DA:122,98
DA:123,3
DA:125,95
DA:126,146
DA:128,52
DA:131,95
DA:134,16
DA:135,1
DA:136,2
DA:139,16
DA:141,9
DA:142,3
DA:143,3
DA:145,6
DA:148,16
DA:149,6
DA:151,16
DA:153,163
DA:155,16
DA:157,16
DA:158,3
DA:159,3
DA:160,5
DA:161,0
DA:163,5
DA:164,5
DA:165,5
DA:167,5
DA:168,0
DA:169,0
DA:170,0
DA:171,0
DA:172,0
DA:175,0
DA:176,0
DA:180,3
DA:183,16
DA:185,16
DA:186,3
DA:188,3
DA:189,3
DA:190,0
DA:193,3
DA:196,16
DA:197,49
DA:198,49
DA:199,78
DA:200,68
DA:201,10
DA:202,3
DA:203,3
DA:204,6
DA:205,0
DA:208,3
DA:209,0
DA:214,49
DA:217,48
DA:219,16
DA:220,1
DA:221,1
DA:222,1
DA:223,1
DA:224,0
DA:225,0
DA:226,0
DA:227,0
DA:228,0
DA:229,0
DA:232,0
DA:233,0
DA:238,1
DA:241,161
DA:243,86
DA:245,16
DA:247,16
DA:248,44
DA:249,44
DA:250,68
DA:251,7
DA:252,61
DA:253,17
DA:254,17
DA:255,33
DA:256,2
DA:259,17
DA:260,2
DA:264,44
LF:144
LH:119
BRDA:9,0,0,2
BRDA:9,0,1,2
BRDA:10,1,0,1
BRDA:10,1,1,1
BRDA:16,2,0,0
BRDA:16,2,1,2
BRDA:30,3,0,0
BRDA:30,3,1,2
BRDA:38,4,0,30
BRDA:39,5,0,15
BRDA:39,5,1,12
BRDA:41,6,0,20
BRDA:41,7,0,20
BRDA:48,8,0,41
BRDA:48,8,1,38
BRDA:50,9,0,14
BRDA:50,9,1,27
BRDA:56,10,0,26
BRDA:56,10,1,21
BRDA:62,11,0,26
BRDA:62,11,1,0
BRDA:79,12,0,0
BRDA:79,12,1,31
BRDA:81,13,0,0
BRDA:81,13,1,0
BRDA:84,14,0,10
BRDA:84,14,1,21
BRDA:86,15,0,0
BRDA:86,15,1,20
BRDA:122,16,0,3
BRDA:122,16,1,95
BRDA:126,17,0,52
BRDA:126,17,1,94
BRDA:136,18,0,1
BRDA:136,18,1,1
BRDA:141,19,0,3
BRDA:141,19,1,6
BRDA:148,20,0,4
BRDA:149,21,0,6
BRDA:149,21,1,0
BRDA:155,22,0,12
BRDA:155,22,1,0
BRDA:160,23,0,0
BRDA:160,23,1,5
BRDA:163,24,0,5
BRDA:163,24,1,0
BRDA:167,25,0,0
BRDA:167,25,1,5
BRDA:170,26,0,0
BRDA:170,26,1,0
BRDA:175,27,0,0
BRDA:175,27,1,0
BRDA:183,28,0,6
BRDA:183,28,1,6
BRDA:189,29,0,0
BRDA:189,29,1,3
BRDA:199,30,0,68
BRDA:199,30,1,10
BRDA:201,31,0,3
BRDA:201,31,1,7
BRDA:204,32,0,0
BRDA:204,32,1,6
BRDA:208,33,0,0
BRDA:208,33,1,3
BRDA:223,34,0,0
BRDA:223,34,1,1
BRDA:225,35,0,0
BRDA:225,35,1,0
BRDA:228,36,0,0
BRDA:228,36,1,0
BRDA:232,37,0,0
BRDA:232,37,1,0
BRDA:250,38,0,7
BRDA:250,38,1,61
BRDA:252,39,0,17
BRDA:252,39,1,44
BRDA:255,40,0,2
BRDA:255,40,1,31
BRDA:259,41,0,2
BRDA:259,41,1,15
BRF:80
BRH:54
end_of_record
TN:
SF:/home/dtaylor/repos/patternfly-react/packages/patternfly-3/patternfly-react/src/components/DualListSelector/index.js
FNF:0
FNH:0
LF:0
LH:0
BRF:0
BRH:0
end_of_record
TN:
SF:/home/dtaylor/repos/patternfly-react/packages/patternfly-3/patternfly-react/src/components/DualListSelector/components/DualListArrows.js
FN:7,(anonymous_0)
FNF:1
FNH:1
FNDA:22,(anonymous_0)
DA:7,16
DA:8,22
DA:28,16
DA:41,16
LF:4
LH:4
BRF:0
BRH:0
end_of_record
TN:
SF:/home/dtaylor/repos/patternfly-react/packages/patternfly-3/patternfly-react/src/components/DualListSelector/components/DualListBody.js
FN:8,(anonymous_0)
FNF:1
FNH:1
FNDA:44,(anonymous_0)
DA:8,16
DA:10,44
DA:11,44
DA:12,44
DA:13,1
DA:16,0
DA:18,44
DA:21,16
DA:41,16
LF:9
LH:8
BRDA:10,0,0,44
BRDA:10,0,1,0
BRDA:12,1,0,1
BRDA:12,1,1,43
BRF:4
BRH:3
end_of_record
TN:
SF:/home/dtaylor/repos/patternfly-react/packages/patternfly-3/patternfly-react/src/components/DualListSelector/components/DualListCounter.js
FN:5,(anonymous_0)
FNF:1
FNH:1
FNDA:44,(anonymous_0)
DA:5,16
DA:6,44
DA:9,16
DA:20,16
LF:4
LH:4
BRF:0
BRH:0
end_of_record
TN:
SF:/home/dtaylor/repos/patternfly-react/packages/patternfly-3/patternfly-react/src/components/DualListSelector/components/DualListFilter.js
FN:7,(anonymous_0)
FNF:1
FNH:1
FNDA:44,(anonymous_0)
DA:7,16
DA:8,44
DA:14,16
DA:23,16
LF:4
LH:4
BRF:0
BRH:0
end_of_record
TN:
SF:/home/dtaylor/repos/patternfly-react/packages/patternfly-3/patternfly-react/src/components/DualListSelector/components/DualListFooter.js
FN:6,(anonymous_0)
FNF:1
FNH:1
FNDA:44,(anonymous_0)
DA:6,16
DA:7,44
DA:12,16
DA:23,16
LF:4
LH:4
BRF:0
BRH:0
end_of_record
TN:
SF:/home/dtaylor/repos/patternfly-react/packages/patternfly-3/patternfly-react/src/components/DualListSelector/components/DualListHeading.js
FN:11,(anonymous_0)
FNF:1
FNH:1
FNDA:44,(anonymous_0)
DA:11,16
DA:22,44
DA:32,16
DA:53,16
LF:4
LH:4
BRF:0
BRH:0
end_of_record
TN:
SF:/home/dtaylor/repos/patternfly-react/packages/patternfly-3/patternfly-react/src/components/DualListSelector/components/DualListHiddenSelect.js
FN:5,(anonymous_0)
FN:11,(anonymous_1)
FN:13,(anonymous_2)
FNF:3
FNH:3
FNDA:44,(anonymous_0)
FNDA:9,(anonymous_1)
FNDA:13,(anonymous_2)
DA:5,16
DA:6,44
DA:7,44
DA:9,44
DA:12,9
DA:13,8
DA:14,13
DA:15,13
DA:22,1
DA:23,1
DA:35,44
DA:42,16
DA:58,16
LF:13
LH:13
BRDA:10,0,0,44
BRDA:10,0,1,0
BRDA:12,1,0,8
BRDA:12,1,1,1
BRF:4
BRH:3
end_of_record
TN:
SF:/home/dtaylor/repos/patternfly-react/packages/patternfly-3/patternfly-react/src/components/DualListSelector/components/DualListItem.js
FN:10,(anonymous_0)
FN:46,(anonymous_1)
FNF:2
FNH:2
FNDA:108,(anonymous_0)
FNDA:1,(anonymous_1)
DA:8,16
DA:10,16
DA:25,108
DA:27,108
DA:32,108
DA:46,108
DA:47,1
DA:48,1
DA:49,0
DA:51,1
DA:52,1
DA:54,108
DA:63,16
DA:92,16
LF:14
LH:13
BRDA:25,0,0,108
BRDA:25,0,1,20
BRDA:25,1,0,108
BRDA:25,1,1,1
BRDA:38,2,0,108
BRDA:38,2,1,88
BRDA:48,3,0,0
BRDA:48,3,1,1
BRDA:54,4,0,1
BRDA:54,4,1,107
BRDA:55,5,0,1
BRDA:55,5,1,1
BRF:12
BRH:11
end_of_record
TN:
SF:/home/dtaylor/repos/patternfly-react/packages/patternfly-3/patternfly-react/src/components/DualListSelector/components/DualListItemTooltip.js
FN:5,(anonymous_0)
FNF:1
FNH:1
FNDA:1,(anonymous_0)
DA:5,16
DA:6,1
DA:7,1
DA:14,16
DA:23,16
LF:5
LH:5
BRF:0
BRH:0
end_of_record
TN:
SF:/home/dtaylor/repos/patternfly-react/packages/patternfly-3/patternfly-react/src/components/DualListSelector/components/DualListItems.js
FN:6,(anonymous_0)
FN:7,(anonymous_1)
FN:20,(anonymous_2)
FNF:3
FNH:3
FNDA:43,(anonymous_0)
FNDA:66,(anonymous_1)
FNDA:42,(anonymous_2)
DA:6,16
DA:7,43
DA:8,66
DA:9,66
DA:21,42
DA:34,43
DA:37,16
DA:59,16
LF:8
LH:8
BRDA:12,0,0,66
BRDA:12,0,1,22
BRDA:19,1,0,66
BRDA:19,1,1,22
BRF:4
BRH:4
end_of_record
TN:
SF:/home/dtaylor/repos/patternfly-react/packages/patternfly-3/patternfly-react/src/components/DualListSelector/components/DualListMainCheckbox.js
FN:5,(anonymous_0)
FNF:1
FNH:1
FNDA:44,(anonymous_0)
DA:5,16
DA:6,44
DA:15,16
DA:24,16
LF:4
LH:4
BRF:0
BRH:0
end_of_record
TN:
SF:/home/dtaylor/repos/patternfly-react/packages/patternfly-3/patternfly-react/src/components/DualListSelector/components/DualListSelector.js
FN:6,(anonymous_0)
FNF:1
FNH:1
FNDA:44,(anonymous_0)
DA:6,16
DA:7,44
LF:2
LH:2
BRF:0
BRH:0
end_of_record
TN:
SF:/home/dtaylor/repos/patternfly-react/packages/patternfly-3/patternfly-react/src/components/DualListSelector/components/DualListSort.js
FN:7,(anonymous_0)
FNF:1
FNH:1
FNDA:44,(anonymous_0)
DA:7,16
DA:8,44
DA:20,16
DA:31,16
LF:4
LH:4
BRDA:12,0,0,43
BRDA:12,0,1,1
BRF:2
BRH:2
end_of_record
TN:
SF:/home/dtaylor/repos/patternfly-react/packages/patternfly-3/patternfly-react/src/components/EmptyState/EmptyState.js
FN:14,(anonymous_0)
FNF:1
FNH:1
FNDA:8,(anonymous_0)
DA:14,19
DA:15,8
DA:17,8
DA:23,19
DA:29,19
DA:33,19
DA:34,19
DA:35,19
DA:36,19
DA:37,19
LF:10
LH:10
BRF:0
BRH:0
end_of_record
TN:
SF:/home/dtaylor/repos/patternfly-react/packages/patternfly-3/patternfly-react/src/components/EmptyState/EmptyStateAction.js
FN:8,(anonymous_0)
FNF:1
FNH:1
FNDA:2,(anonymous_0)
DA:8,19
DA:9,2
DA:17,2
DA:23,19
DA:31,19
LF:5
LH:5
BRF:0
BRH:0
end_of_record
TN:
SF:/home/dtaylor/repos/patternfly-react/packages/patternfly-3/patternfly-react/src/components/EmptyState/EmptyStateHelp.js
FN:8,(anonymous_0)
FNF:1
FNH:1
FNDA:1,(anonymous_0)
DA:8,19
DA:9,1
DA:11,1
DA:17,19
DA:23,19
LF:5
LH:5
BRF:0
BRH:0
end_of_record
TN:
SF:/home/dtaylor/repos/patternfly-react/packages/patternfly-3/patternfly-react/src/components/EmptyState/EmptyStateIcon.js
FN:9,(anonymous_0)
FNF:1
FNH:1
FNDA:3,(anonymous_0)
DA:9,19
DA:10,3
DA:12,3
DA:18,19
DA:26,19
LF:5
LH:5
BRF:0
BRH:0
end_of_record
TN:
SF:/home/dtaylor/repos/patternfly-react/packages/patternfly-3/patternfly-react/src/components/EmptyState/EmptyStateInfo.js
FN:8,(anonymous_0)
FNF:1
FNH:1
FNDA:1,(anonymous_0)
DA:8,19
DA:9,1
DA:11,1
DA:17,19
DA:23,19
LF:5
LH:5
BRF:0
BRH:0
end_of_record
TN:
SF:/home/dtaylor/repos/patternfly-react/packages/patternfly-3/patternfly-react/src/components/EmptyState/EmptyStateTitle.js
FN:8,(anonymous_0)
FNF:1
FNH:1
FNDA:3,(anonymous_0)
DA:8,19
DA:9,3
DA:10,3
DA:16,19
DA:22,19
LF:5
LH:5
BRF:0
BRH:0
end_of_record
TN:
SF:/home/dtaylor/repos/patternfly-react/packages/patternfly-3/patternfly-react/src/components/EmptyState/index.js
FNF:0
FNH:0
LF:0
LH:0
BRF:0
BRH:0
end_of_record
TN:
SF:/home/dtaylor/repos/patternfly-react/packages/patternfly-3/patternfly-react/src/components/ExpandCollapse/ExpandCollapse.js
FN:16,(anonymous_0)
FN:26,(anonymous_1)
FN:27,(anonymous_2)
FN:30,(anonymous_3)
FNF:4
FNH:4
FNDA:13,(anonymous_0)
FNDA:3,(anonymous_1)
FNDA:3,(anonymous_2)
FNDA:13,(anonymous_3)
DA:8,17
DA:9,17
DA:11,17
DA:17,13
DA:18,1
DA:23,12
DA:27,3
DA:31,13
DA:32,13
DA:34,13
DA:36,13
DA:52,17
DA:68,17
DA:77,17
DA:78,17
DA:79,17
LF:16
LH:16
BRDA:17,0,0,1
BRDA:17,0,1,12
BRDA:39,1,0,13
BRDA:39,1,1,3
BRDA:41,2,0,3
BRDA:41,2,1,10
BRDA:42,3,0,3
BRDA:42,3,1,10
BRDA:46,4,0,13
BRDA:46,4,1,3
BRF:10
BRH:10
end_of_record
TN:
SF:/home/dtaylor/repos/patternfly-react/packages/patternfly-3/patternfly-react/src/components/ExpandCollapse/index.js
FNF:0
FNH:0
LF:0
LH:0
BRF:0
BRH:0
end_of_record
TN:
SF:/home/dtaylor/repos/patternfly-react/packages/patternfly-3/patternfly-react/src/components/FieldLevelHelp/FieldLevelHelp.js
FN:12,(anonymous_0)
FNF:1
FNH:1
FNDA:2,(anonymous_0)
DA:12,17
DA:14,2
DA:15,2
DA:16,2
DA:18,2
DA:27,17
DA:41,17
LF:7
LH:7
BRDA:14,0,0,1
BRDA:14,0,1,1
BRF:2
BRH:2
end_of_record
TN:
SF:/home/dtaylor/repos/patternfly-react/packages/patternfly-3/patternfly-react/src/components/FieldLevelHelp/index.js
FNF:0
FNH:0
LF:0
LH:0
BRF:0
BRH:0
end_of_record
TN:
SF:/home/dtaylor/repos/patternfly-react/packages/patternfly-3/patternfly-react/src/components/Filter/Filter.js
FN:16,(anonymous_0)
FNF:1
FNH:1
FNDA:5,(anonymous_0)
DA:16,16
DA:17,5
DA:25,5
DA:34,16
DA:41,16
DA:46,16
DA:48,16
DA:49,16
DA:50,16
DA:51,16
DA:52,16
DA:53,16
DA:54,16
LF:13
LH:13
BRF:0
BRH:0
end_of_record
TN:
SF:/home/dtaylor/repos/patternfly-react/packages/patternfly-3/patternfly-react/src/components/Filter/FilterActiveLabel.js
FN:5,(anonymous_0)
FNF:1
FNH:1
FNDA:2,(anonymous_0)
DA:5,16
DA:6,2
DA:7,2
DA:14,16
DA:21,16
LF:5
LH:5
BRF:0
BRH:0
end_of_record
TN:
SF:/home/dtaylor/repos/patternfly-react/packages/patternfly-3/patternfly-react/src/components/Filter/FilterCategorySelector.js
FN:8,(anonymous_0)
FN:40,(anonymous_1)
FN:48,(anonymous_2)
FNF:3
FNH:2
FNDA:5,(anonymous_0)
FNDA:4,(anonymous_1)
FNDA:0,(anonymous_2)
DA:8,16
DA:18,5
DA:20,5
DA:22,3
DA:23,2
DA:25,1
DA:28,3
DA:29,3
DA:31,3
DA:35,3
DA:41,4
DA:44,4
DA:48,0
DA:60,2
DA:63,16
DA:80,16
LF:16
LH:15
BRDA:20,0,0,3
BRDA:20,0,1,2
BRDA:20,1,0,5
BRDA:20,1,1,3
BRDA:20,1,2,3
BRDA:22,2,0,2
BRDA:22,2,1,1
BRDA:23,3,0,2
BRDA:23,3,1,1
BRDA:25,4,0,1
BRDA:25,4,1,0
BRDA:25,4,2,0
BRDA:29,5,0,0
BRDA:29,5,1,3
BRDA:39,6,0,3
BRDA:39,6,1,3
BRDA:47,7,0,4
BRDA:47,7,1,2
BRDA:50,8,0,4
BRDA:50,8,1,2
BRF:20
BRH:17
end_of_record
TN:
SF:/home/dtaylor/repos/patternfly-react/packages/patternfly-3/patternfly-react/src/components/Filter/FilterCategoryValueSelector.js
FN:8,(anonymous_0)
FN:38,(anonymous_1)
FN:46,(anonymous_2)
FNF:3
FNH:2
FNDA:5,(anonymous_0)
FNDA:5,(anonymous_1)
FNDA:0,(anonymous_2)
DA:8,16
DA:17,5
DA:19,5
DA:21,3
DA:22,3
DA:24,0
DA:27,3
DA:28,3
DA:30,3
DA:34,3
DA:39,5
DA:42,5
DA:46,0
DA:56,2
DA:59,16
DA:74,16
LF:16
LH:14
BRDA:19,0,0,3
BRDA:19,0,1,2
BRDA:19,1,0,5
BRDA:19,1,1,3
BRDA:19,1,2,3
BRDA:21,2,0,3
BRDA:21,2,1,0
BRDA:22,3,0,3
BRDA:22,3,1,2
BRDA:24,4,0,0
BRDA:24,4,1,0
BRDA:24,4,2,0
BRDA:28,5,0,0
BRDA:28,5,1,3
BRDA:37,6,0,3
BRDA:37,6,1,3
BRDA:45,7,0,5
BRDA:45,7,1,4
BRDA:48,8,0,5
BRDA:48,8,1,4
BRF:20
BRH:15
end_of_record
TN:
SF:/home/dtaylor/repos/patternfly-react/packages/patternfly-3/patternfly-react/src/components/Filter/FilterItem.js
FN:7,(anonymous_0)
FN:12,(anonymous_1)
FNF:2
FNH:1
FNDA:4,(anonymous_0)
FNDA:0,(anonymous_1)
DA:7,16
DA:8,4
DA:10,4
DA:12,0
DA:19,16
DA:30,16
LF:6
LH:5
BRF:0
BRH:0
end_of_record
TN:
SF:/home/dtaylor/repos/patternfly-react/packages/patternfly-3/patternfly-react/src/components/Filter/FilterList.js
FN:5,(anonymous_0)
FNF:1
FNH:1
FNDA:2,(anonymous_0)
DA:5,16
DA:6,2
DA:7,0
DA:9,2
DA:10,2
DA:13,16
DA:20,16
LF:7
LH:6
BRDA:6,0,0,0
BRDA:6,0,1,2
BRF:2
BRH:1
end_of_record
TN:
SF:/home/dtaylor/repos/patternfly-react/packages/patternfly-3/patternfly-react/src/components/Filter/FilterTypeSelector.js
FN:8,(anonymous_0)
FN:37,(anonymous_1)
FN:42,(anonymous_2)
FNF:3
FNH:2
FNDA:9,(anonymous_0)
FNDA:22,(anonymous_1)
FNDA:0,(anonymous_2)
DA:8,16
DA:17,9
DA:18,9
DA:20,7
DA:21,7
DA:23,0
DA:26,7
DA:27,7
DA:29,7
DA:38,22
DA:41,22
DA:42,0
DA:51,2
DA:54,16
DA:69,16
LF:15
LH:13
BRDA:18,0,0,7
BRDA:18,0,1,2
BRDA:18,1,0,9
BRDA:18,1,1,8
BRDA:18,1,2,8
BRDA:20,2,0,7
BRDA:20,2,1,0
BRDA:21,3,0,7
BRDA:21,3,1,2
BRDA:23,4,0,0
BRDA:23,4,1,0
BRDA:23,4,2,0
BRDA:27,5,0,0
BRDA:27,5,1,7
BRDA:32,6,0,7
BRDA:32,6,1,1
BRDA:42,7,0,22
BRDA:42,7,1,2
BRDA:43,8,0,22
BRDA:43,8,1,2
BRF:20
BRH:15
end_of_record
TN:
SF:/home/dtaylor/repos/patternfly-react/packages/patternfly-3/patternfly-react/src/components/Filter/FilterValueSelector.js
FN:8,(anonymous_0)
FN:38,(anonymous_1)
FN:46,(anonymous_2)
FNF:3
FNH:2
FNDA:5,(anonymous_0)
FNDA:14,(anonymous_1)
FNDA:0,(anonymous_2)
DA:8,16
DA:17,5
DA:19,5
DA:21,3
DA:22,3
DA:24,0
DA:27,3
DA:28,3
DA:30,3
DA:34,3
DA:39,14
DA:42,14
DA:46,0
DA:56,2
DA:59,16
DA:74,16
LF:16
LH:14
BRDA:19,0,0,3
BRDA:19,0,1,2
BRDA:19,1,0,5
BRDA:19,1,1,4
BRDA:19,1,2,4
BRDA:21,2,0,3
BRDA:21,2,1,0
BRDA:22,3,0,3
BRDA:22,3,1,1
BRDA:24,4,0,0
BRDA:24,4,1,0
BRDA:24,4,2,0
BRDA:28,5,0,0
BRDA:28,5,1,3
BRDA:37,6,0,3
BRDA:37,6,1,3
BRDA:45,7,0,14
BRDA:45,7,1,2
BRDA:48,8,0,14
BRDA:48,8,1,2
BRF:20
BRH:15
end_of_record
TN:
SF:/home/dtaylor/repos/patternfly-react/packages/patternfly-3/patternfly-react/src/components/Filter/index.js
FNF:0
FNH:0
LF:0
LH:0
BRF:0
BRH:0
end_of_record
TN:
SF:/home/dtaylor/repos/patternfly-react/packages/patternfly-3/patternfly-react/src/components/Form/Checkbox.js
FNF:0
FNH:0
LF:0
LH:0
BRF:0
BRH:0
end_of_record
TN:
SF:/home/dtaylor/repos/patternfly-react/packages/patternfly-3/patternfly-react/src/components/Form/ControlLabel.js
FNF:0
FNH:0
LF:0
LH:0
BRF:0
BRH:0
end_of_record
TN:
SF:/home/dtaylor/repos/patternfly-react/packages/patternfly-3/patternfly-react/src/components/Form/Form.js
FNF:0
FNH:0
DA:10,20
DA:11,20
DA:12,20
DA:13,20
DA:14,20
DA:15,20
DA:16,20
LF:7
LH:7
BRF:0
BRH:0
end_of_record
TN:
SF:/home/dtaylor/repos/patternfly-react/packages/patternfly-3/patternfly-react/src/components/Form/FormControl.js
FNF:0
FNH:0
LF:0
LH:0
BRF:0
BRH:0
end_of_record
TN:
SF:/home/dtaylor/repos/patternfly-react/packages/patternfly-3/patternfly-react/src/components/Form/FormGroup.js
FNF:0
FNH:0
LF:0
LH:0
BRF:0
BRH:0
end_of_record
TN:
SF:/home/dtaylor/repos/patternfly-react/packages/patternfly-3/patternfly-react/src/components/Form/HelpBlock.js
FNF:0
FNH:0
LF:0
LH:0
BRF:0
BRH:0
end_of_record
TN:
SF:/home/dtaylor/repos/patternfly-react/packages/patternfly-3/patternfly-react/src/components/Form/InputGroup.js
FNF:0
FNH:0
LF:0
LH:0
BRF:0
BRH:0
end_of_record
TN:
SF:/home/dtaylor/repos/patternfly-react/packages/patternfly-3/patternfly-react/src/components/Form/Radio.js
FNF:0
FNH:0
LF:0
LH:0
BRF:0
BRH:0
end_of_record
TN:
SF:/home/dtaylor/repos/patternfly-react/packages/patternfly-3/patternfly-react/src/components/Form/index.js
FNF:0
FNH:0
LF:0
LH:0
BRF:0
BRH:0
end_of_record
TN:
SF:/home/dtaylor/repos/patternfly-react/packages/patternfly-3/patternfly-react/src/components/Grid/Clearfix.js
FNF:0
FNH:0
LF:0
LH:0
BRF:0
BRH:0
end_of_record
TN:
SF:/home/dtaylor/repos/patternfly-react/packages/patternfly-3/patternfly-react/src/components/Grid/Col.js
FNF:0
FNH:0
LF:0
LH:0
BRF:0
BRH:0
end_of_record
TN:
SF:/home/dtaylor/repos/patternfly-react/packages/patternfly-3/patternfly-react/src/components/Grid/Grid.js
FNF:0
FNH:0
DA:6,20
DA:7,20
DA:8,20
LF:3
LH:3
BRF:0
BRH:0
end_of_record
TN:
SF:/home/dtaylor/repos/patternfly-react/packages/patternfly-3/patternfly-react/src/components/Grid/Row.js
FNF:0
FNH:0
LF:0
LH:0
BRF:0
BRH:0
end_of_record
TN:
SF:/home/dtaylor/repos/patternfly-react/packages/patternfly-3/patternfly-react/src/components/Grid/index.js
FNF:0
FNH:0
LF:0
LH:0
BRF:0
BRH:0
end_of_record
TN:
SF:/home/dtaylor/repos/patternfly-react/packages/patternfly-3/patternfly-react/src/components/HintBlock/HintBlock.js
FN:6,(anonymous_0)
FNF:1
FNH:1
FNDA:4,(anonymous_0)
DA:6,16
DA:7,4
DA:9,4
DA:27,16
DA:42,16
LF:5
LH:5
BRDA:11,0,0,4
BRDA:11,0,1,2
BRDA:18,1,0,4
BRDA:18,1,1,3
BRF:4
BRH:4
end_of_record
TN:
SF:/home/dtaylor/repos/patternfly-react/packages/patternfly-3/patternfly-react/src/components/HintBlock/index.js
FNF:0
FNH:0
LF:0
LH:0
BRF:0
BRH:0
end_of_record
TN:
SF:/home/dtaylor/repos/patternfly-react/packages/patternfly-3/patternfly-react/src/components/HorizontalNav/HorizontalNav.js
FN:6,(anonymous_0)
FNF:1
FNH:1
FNDA:3,(anonymous_0)
DA:6,1
DA:7,3
DA:9,3
DA:12,1
DA:16,1
DA:20,1
DA:21,1
LF:7
LH:7
BRF:0
BRH:0
end_of_record
TN:
SF:/home/dtaylor/repos/patternfly-react/packages/patternfly-3/patternfly-react/src/components/HorizontalNav/HorizontalNavMenu.js
FN:6,(anonymous_0)
FNF:1
FNH:1
FNDA:3,(anonymous_0)
DA:6,1
DA:7,3
DA:8,3
DA:14,3
DA:23,1
DA:28,1
LF:6
LH:6
BRF:0
BRH:0
end_of_record
TN:
SF:/home/dtaylor/repos/patternfly-react/packages/patternfly-3/patternfly-react/src/components/HorizontalNav/HorizontalNavMenuItem.js
FN:6,(anonymous_0)
FNF:1
FNH:1
FNDA:23,(anonymous_0)
DA:6,1
DA:7,23
DA:9,23
DA:14,23
DA:35,1
DA:46,1
LF:6
LH:6
BRDA:14,0,0,7
BRDA:14,0,1,16
BRDA:19,1,0,1
BRDA:19,1,1,6
BRDA:26,2,0,16
BRDA:26,2,1,1
BRF:6
BRH:6
end_of_record
TN:
SF:/home/dtaylor/repos/patternfly-react/packages/patternfly-3/patternfly-react/src/components/HorizontalNav/index.js
FNF:0
FNH:0
LF:0
LH:0
BRF:0
BRH:0
end_of_record
TN:
SF:/home/dtaylor/repos/patternfly-react/packages/patternfly-3/patternfly-react/src/components/Icon/Icon.js
FN:6,(anonymous_0)
FNF:1
FNH:1
FNDA:577,(anonymous_0)
DA:6,40
DA:7,577
DA:8,577
DA:9,577
DA:11,0
DA:13,40
DA:21,40
LF:7
LH:6
BRDA:7,0,0,577
BRDA:7,0,1,310
BRDA:7,0,2,267
BRDA:7,0,3,267
BRDA:8,1,0,577
BRDA:8,1,1,0
BRF:6
BRH:5
end_of_record
TN:
SF:/home/dtaylor/repos/patternfly-react/packages/patternfly-3/patternfly-react/src/components/Icon/index.js
FNF:0
FNH:0
LF:0
LH:0
BRF:0
BRH:0
end_of_record
TN:
SF:/home/dtaylor/repos/patternfly-react/packages/patternfly-3/patternfly-react/src/components/Icon/InnerComponents/PatternflyIcon.js
FN:5,(anonymous_0)
FNF:1
FNH:1
FNDA:267,(anonymous_0)
DA:5,40
DA:6,267
DA:9,40
DA:16,40
LF:4
LH:4
BRF:0
BRH:0
end_of_record
TN:
SF:/home/dtaylor/repos/patternfly-react/packages/patternfly-3/patternfly-react/src/components/InfoTip/InfoTip.js
FN:13,(anonymous_0)
FN:18,(anonymous_1)
FN:28,(anonymous_2)
FN:44,(anonymous_3)
FN:50,(anonymous_4)
FN:54,(anonymous_5)
FN:61,(anonymous_6)
FNF:7
FNH:7
FNDA:6,(anonymous_0)
FNDA:3,(anonymous_1)
FNDA:13,(anonymous_2)
FNDA:2,(anonymous_3)
FNDA:3,(anonymous_4)
FNDA:2,(anonymous_5)
FNDA:27,(anonymous_6)
DA:14,6
DA:15,6
DA:19,3
DA:20,1
DA:22,2
DA:24,3
DA:25,3
DA:29,13
DA:30,2
DA:32,11
DA:34,6
DA:36,3
DA:38,1
DA:40,1
DA:45,2
DA:46,1
DA:51,3
DA:52,3
DA:55,2
DA:56,1
DA:58,2
DA:62,27
DA:64,27
DA:80,17
DA:86,17
DA:87,17
DA:88,17
DA:89,17
LF:28
LH:28
BRDA:19,0,0,1
BRDA:19,0,1,2
BRDA:29,1,0,2
BRDA:29,1,1,11
BRDA:29,2,0,13
BRDA:29,2,1,3
BRDA:32,3,0,6
BRDA:32,3,1,3
BRDA:32,3,2,1
BRDA:32,3,3,1
BRDA:45,4,0,1
BRDA:45,4,1,1
BRDA:55,5,0,1
BRDA:55,5,1,1
BRDA:55,6,0,2
BRDA:55,6,1,1
BRF:16
BRH:16
end_of_record
TN:
SF:/home/dtaylor/repos/patternfly-react/packages/patternfly-3/patternfly-react/src/components/InfoTip/InfoTipMenu.js
FN:21,(anonymous_0)
FNF:1
FNH:1
FNDA:2,(anonymous_0)
DA:31,2
DA:32,2
DA:34,2
LF:3
LH:3
BRF:0
BRH:0
end_of_record
TN:
SF:/home/dtaylor/repos/patternfly-react/packages/patternfly-3/patternfly-react/src/components/InfoTip/InfoTipMenuFooter.js
FN:5,(anonymous_0)
FNF:1
FNH:1
FNDA:1,(anonymous_0)
DA:5,18
DA:6,1
DA:8,1
DA:15,18
DA:19,18
LF:5
LH:5
BRF:0
BRH:0
end_of_record
TN:
SF:/home/dtaylor/repos/patternfly-react/packages/patternfly-3/patternfly-react/src/components/InfoTip/InfoTipMenuItemIcon.js
FN:6,(anonymous_0)
FNF:1
FNH:1
FNDA:3,(anonymous_0)
DA:6,18
DA:7,3
DA:9,3
DA:12,18
DA:18,18
LF:5
LH:5
BRF:0
BRH:0
end_of_record
TN:
SF:/home/dtaylor/repos/patternfly-react/packages/patternfly-3/patternfly-react/src/components/InfoTip/InfoTipToggle.js
FN:23,(anonymous_0)
FNF:1
FNH:1
FNDA:6,(anonymous_0)
DA:24,6
DA:26,6
LF:2
LH:2
BRF:0
BRH:0
end_of_record
TN:
SF:/home/dtaylor/repos/patternfly-react/packages/patternfly-3/patternfly-react/src/components/InfoTip/index.js
FNF:0
FNH:0
LF:0
LH:0
BRF:0
BRH:0
end_of_record
TN:
SF:/home/dtaylor/repos/patternfly-react/packages/patternfly-3/patternfly-react/src/components/InlineEdit/CancelButton.js
FN:5,(anonymous_0)
FNF:1
FNH:1
FNDA:7,(anonymous_0)
DA:5,20
DA:6,7
DA:11,20
LF:3
LH:3
BRF:0
BRH:0
end_of_record
TN:
SF:/home/dtaylor/repos/patternfly-react/packages/patternfly-3/patternfly-react/src/components/InlineEdit/ConfirmButton.js
FN:5,(anonymous_0)
FNF:1
FNH:1
FNDA:7,(anonymous_0)
DA:5,20
DA:6,7
DA:11,20
DA:15,20
LF:4
LH:4
BRF:0
BRH:0
end_of_record
TN:
SF:/home/dtaylor/repos/patternfly-react/packages/patternfly-3/patternfly-react/src/components/InlineEdit/InlineEdit.js
FN:5,(anonymous_0)
FNF:1
FNH:1
FNDA:2,(anonymous_0)
DA:5,20
DA:6,2
DA:7,1
DA:9,1
DA:11,20
DA:24,20
DA:25,20
LF:7
LH:7
BRDA:6,0,0,1
BRDA:6,0,1,1
BRF:2
BRH:2
end_of_record
TN:
SF:/home/dtaylor/repos/patternfly-react/packages/patternfly-3/patternfly-react/src/components/InlineEdit/index.js
FNF:0
FNH:0
LF:0
LH:0
BRF:0
BRH:0
end_of_record
TN:
SF:/home/dtaylor/repos/patternfly-react/packages/patternfly-3/patternfly-react/src/components/Label/CompoundLabel.js
FN:8,(anonymous_0)
FN:21,(anonymous_1)
FN:31,(anonymous_2)
FN:31,(anonymous_3)
FN:70,(anonymous_4)
FN:71,(anonymous_5)
FNF:6
FNH:5
FNDA:3,(anonymous_0)
FNDA:1,(anonymous_1)
FNDA:2,(anonymous_2)
FNDA:3,(anonymous_3)
FNDA:1,(anonymous_4)
FNDA:0,(anonymous_5)
DA:9,3
DA:22,1
DA:23,1
DA:24,1
DA:25,1
DA:31,3
DA:38,20
DA:69,20
DA:70,1
DA:71,0
LF:10
LH:9
BRDA:23,0,0,0
BRDA:23,0,1,1
BRDA:31,1,0,1
BRDA:31,1,1,1
BRDA:70,2,0,1
BRDA:70,2,1,0
BRDA:71,3,0,0
BRDA:71,3,1,0
BRF:8
BRH:4
end_of_record
TN:
SF:/home/dtaylor/repos/patternfly-react/packages/patternfly-3/patternfly-react/src/components/Label/DisposableLabel.js
FN:7,(anonymous_0)
FNF:1
FNH:1
FNDA:6,(anonymous_0)
DA:7,20
DA:10,20
DA:21,20
LF:3
LH:3
BRF:0
BRH:0
end_of_record
TN:
SF:/home/dtaylor/repos/patternfly-react/packages/patternfly-3/patternfly-react/src/components/Label/Label.js
FN:9,(anonymous_0)
FNF:1
FNH:1
FNDA:8,(anonymous_0)
DA:9,20
DA:10,8
DA:17,20
DA:28,20
DA:34,20
DA:35,20
DA:36,20
DA:37,20
LF:8
LH:8
BRDA:12,0,0,8
BRDA:12,0,1,5
BRF:2
BRH:2
end_of_record
TN:
SF:/home/dtaylor/repos/patternfly-react/packages/patternfly-3/patternfly-react/src/components/Label/LabelWithTooltip.js
FN:7,(anonymous_0)
FN:9,(anonymous_1)
FN:14,(anonymous_2)
FNF:3
FNH:2
FNDA:1,(anonymous_0)
FNDA:1,(anonymous_1)
FNDA:0,(anonymous_2)
DA:7,20
DA:9,20
DA:10,1
DA:14,0
DA:24,20
DA:49,20
LF:6
LH:5
BRF:0
BRH:0
end_of_record
TN:
SF:/home/dtaylor/repos/patternfly-react/packages/patternfly-3/patternfly-react/src/components/Label/RemoveButton.js
FN:6,(anonymous_0)
FN:12,(anonymous_1)
FNF:2
FNH:2
FNDA:7,(anonymous_0)
FNDA:2,(anonymous_1)
DA:6,21
DA:7,7
DA:9,7
DA:13,2
DA:14,2
DA:24,21
DA:33,21
LF:7
LH:7
BRDA:14,0,0,2
BRDA:14,0,1,1
BRF:2
BRH:2
end_of_record
TN:
SF:/home/dtaylor/repos/patternfly-react/packages/patternfly-3/patternfly-react/src/components/Label/index.js
FNF:0
FNH:0
LF:0
LH:0
BRF:0
BRH:0
end_of_record
TN:
SF:/home/dtaylor/repos/patternfly-react/packages/patternfly-3/patternfly-react/src/components/ListGroup/ListGroup.js
FNF:0
FNH:0
DA:4,16
LF:1
LH:1
BRF:0
BRH:0
end_of_record
TN:
SF:/home/dtaylor/repos/patternfly-react/packages/patternfly-3/patternfly-react/src/components/ListGroup/ListGroupItem.js
FNF:0
FNH:0
LF:0
LH:0
BRF:0
BRH:0
end_of_record
TN:
SF:/home/dtaylor/repos/patternfly-react/packages/patternfly-3/patternfly-react/src/components/ListGroup/index.js
FNF:0
FNH:0
LF:0
LH:0
BRF:0
BRH:0
end_of_record
TN:
SF:/home/dtaylor/repos/patternfly-react/packages/patternfly-3/patternfly-react/src/components/ListView/ListView.js
FN:75,(anonymous_0)
FNF:1
FNH:1
FNDA:1,(anonymous_0)
DA:75,17
DA:76,1
DA:77,1
DA:83,17
DA:89,17
DA:94,17
DA:95,17
DA:96,17
DA:97,17
DA:98,17
DA:99,17
DA:100,17
DA:101,17
DA:102,17
DA:103,17
DA:104,17
DA:105,17
DA:106,17
DA:107,17
DA:108,17
DA:109,17
DA:110,17
LF:22
LH:22
BRF:0
BRH:0
end_of_record
TN:
SF:/home/dtaylor/repos/patternfly-react/packages/patternfly-3/patternfly-react/src/components/ListView/ListViewActions.js
FN:7,(anonymous_0)
FNF:1
FNH:1
FNDA:6,(anonymous_0)
DA:7,17
DA:8,17
DA:12,17
LF:3
LH:3
BRF:0
BRH:0
end_of_record
TN:
SF:/home/dtaylor/repos/patternfly-react/packages/patternfly-3/patternfly-react/src/components/ListView/ListViewAdditionalInfo.js
FN:7,(anonymous_0)
FNF:1
FNH:1
FNDA:4,(anonymous_0)
DA:7,17
DA:8,17
DA:12,17
LF:3
LH:3
BRF:0
BRH:0
end_of_record
TN:
SF:/home/dtaylor/repos/patternfly-react/packages/patternfly-3/patternfly-react/src/components/ListView/ListViewBody.js
FN:7,(anonymous_0)
FNF:1
FNH:1
FNDA:6,(anonymous_0)
DA:7,17
DA:8,17
DA:12,17
LF:3
LH:3
BRF:0
BRH:0
end_of_record
TN:
SF:/home/dtaylor/repos/patternfly-react/packages/patternfly-3/patternfly-react/src/components/ListView/ListViewCheckbox.js
FN:10,(anonymous_0)
FNF:1
FNH:1
FNDA:6,(anonymous_0)
DA:10,17
DA:11,6
DA:14,17
DA:20,17
LF:4
LH:4
BRF:0
BRH:0
end_of_record
TN:
SF:/home/dtaylor/repos/patternfly-react/packages/patternfly-3/patternfly-react/src/components/ListView/ListViewDescription.js
FN:7,(anonymous_0)
FNF:1
FNH:1
FNDA:5,(anonymous_0)
DA:7,17
DA:8,17
DA:12,17
LF:3
LH:3
BRF:0
BRH:0
end_of_record
TN:
SF:/home/dtaylor/repos/patternfly-react/packages/patternfly-3/patternfly-react/src/components/ListView/ListViewDescriptionHeading.js
FN:7,(anonymous_0)
FNF:1
FNH:1
FNDA:4,(anonymous_0)
DA:7,17
DA:8,17
DA:12,17
LF:3
LH:3
BRF:0
BRH:0
end_of_record
TN:
SF:/home/dtaylor/repos/patternfly-react/packages/patternfly-3/patternfly-react/src/components/ListView/ListViewDescriptionText.js
FN:7,(anonymous_0)
FNF:1
FNH:1
FNDA:4,(anonymous_0)
DA:7,17
DA:8,17
DA:12,17
LF:3
LH:3
BRF:0
BRH:0
end_of_record
TN:
SF:/home/dtaylor/repos/patternfly-react/packages/patternfly-3/patternfly-react/src/components/ListView/ListViewExpand.js
FN:9,(anonymous_0)
FN:17,(anonymous_1)
FNF:2
FNH:1
FNDA:6,(anonymous_0)
FNDA:0,(anonymous_1)
DA:9,17
DA:10,6
DA:14,6
DA:18,0
DA:19,0
DA:27,17
DA:35,17
LF:7
LH:5
BRF:0
BRH:0
end_of_record
TN:
SF:/home/dtaylor/repos/patternfly-react/packages/patternfly-3/patternfly-react/src/components/ListView/ListViewGroupItem.js
FN:8,(anonymous_0)
FNF:1
FNH:1
FNDA:6,(anonymous_0)
DA:8,17
DA:9,6
DA:17,6
DA:23,17
DA:33,17
LF:5
LH:5
BRF:0
BRH:0
end_of_record
TN:
SF:/home/dtaylor/repos/patternfly-react/packages/patternfly-3/patternfly-react/src/components/ListView/ListViewGroupItemContainer.js
FN:10,(anonymous_0)
FNF:1
FNH:1
FNDA:6,(anonymous_0)
DA:10,17
DA:11,6
DA:15,6
DA:26,17
DA:34,17
LF:5
LH:5
BRDA:17,0,0,6
BRDA:17,0,1,6
BRDA:22,1,0,6
BRDA:22,1,1,0
BRF:4
BRH:3
end_of_record
TN:
SF:/home/dtaylor/repos/patternfly-react/packages/patternfly-3/patternfly-react/src/components/ListView/ListViewGroupItemHeader.js
FN:9,(anonymous_0)
FN:10,(anonymous_1)
FNF:2
FNH:1
FNDA:6,(anonymous_0)
FNDA:0,(anonymous_1)
DA:9,17
DA:10,6
DA:12,0
DA:18,0
DA:21,6
DA:27,17
DA:33,17
LF:7
LH:5
BRDA:12,0,0,0
BRDA:12,0,1,0
BRDA:13,1,0,0
BRDA:13,1,1,0
BRDA:13,1,2,0
BRDA:13,1,3,0
BRF:6
BRH:0
end_of_record
TN:
SF:/home/dtaylor/repos/patternfly-react/packages/patternfly-3/patternfly-react/src/components/ListView/ListViewIcon.js
FN:9,(anonymous_0)
FNF:1
FNH:1
FNDA:6,(anonymous_0)
DA:9,17
DA:10,6
DA:12,17
DA:22,17
LF:4
LH:4
BRF:0
BRH:0
end_of_record
TN:
SF:/home/dtaylor/repos/patternfly-react/packages/patternfly-3/patternfly-react/src/components/ListView/ListViewInfoItem.js
FN:8,(anonymous_0)
FN:15,(anonymous_1)
FNF:2
FNH:1
FNDA:16,(anonymous_0)
FNDA:0,(anonymous_1)
DA:8,17
DA:9,16
DA:14,16
DA:15,0
DA:20,17
DA:28,17
LF:6
LH:5
BRF:0
BRH:0
end_of_record
TN:
SF:/home/dtaylor/repos/patternfly-react/packages/patternfly-3/patternfly-react/src/components/ListView/ListViewItem.js
FN:19,(anonymous_0)
FN:26,(anonymous_1)
FN:29,(anonymous_2)
FNF:3
FNH:1
FNDA:0,(anonymous_0)
FNDA:0,(anonymous_1)
FNDA:6,(anonymous_2)
DA:20,0
DA:21,0
DA:22,0
DA:24,0
DA:26,0
DA:46,6
DA:47,6
DA:49,6
DA:50,6
DA:51,0
DA:70,6
DA:89,0
DA:103,17
DA:135,17
LF:14
LH:7
BRDA:21,0,0,0
BRDA:21,0,1,0
BRDA:49,1,0,6
BRDA:49,1,1,0
BRDA:50,2,0,0
BRDA:50,2,1,6
BRDA:63,3,0,0
BRDA:63,3,1,0
BRDA:83,4,0,0
BRDA:83,4,1,6
BRF:10
BRH:3
end_of_record
TN:
SF:/home/dtaylor/repos/patternfly-react/packages/patternfly-3/patternfly-react/src/components/ListView/ListViewLeft.js
FN:7,(anonymous_0)
FNF:1
FNH:1
FNDA:6,(anonymous_0)
DA:7,17
DA:8,17
DA:12,17
LF:3
LH:3
BRF:0
BRH:0
end_of_record
TN:
SF:/home/dtaylor/repos/patternfly-react/packages/patternfly-3/patternfly-react/src/components/ListView/ListViewMainInfo.js
FN:7,(anonymous_0)
FNF:1
FNH:1
FNDA:6,(anonymous_0)
DA:7,17
DA:8,17
DA:12,17
LF:3
LH:3
BRF:0
BRH:0
end_of_record
TN:
SF:/home/dtaylor/repos/patternfly-react/packages/patternfly-3/patternfly-react/src/components/ListView/ListViewRow.js
FN:18,(anonymous_0)
FNF:1
FNH:1
FNDA:6,(anonymous_0)
DA:18,17
DA:19,6
DA:21,6
DA:22,6
DA:25,6
DA:26,6
DA:29,6
DA:44,6
DA:47,17
LF:9
LH:9
BRDA:21,0,0,6
BRDA:21,0,1,0
BRDA:25,1,0,6
BRDA:25,1,1,0
BRDA:31,2,0,6
BRDA:31,2,1,6
BRDA:33,3,0,6
BRDA:33,3,1,2
BRDA:33,3,2,5
BRDA:35,4,0,5
BRDA:35,4,1,4
BRDA:36,5,0,5
BRDA:36,5,1,4
BRDA:39,6,0,6
BRDA:39,6,1,4
BRF:15
BRH:13
end_of_record
TN:
SF:/home/dtaylor/repos/patternfly-react/packages/patternfly-3/patternfly-react/src/components/ListView/index.js
FNF:0
FNH:0
LF:0
LH:0
BRF:0
BRH:0
end_of_record
TN:
SF:/home/dtaylor/repos/patternfly-react/packages/patternfly-3/patternfly-react/src/components/LoadingState/LoadingState.js
FN:7,(anonymous_0)
FN:14,(anonymous_1)
FN:15,(anonymous_2)
FN:20,(anonymous_3)
FN:24,(anonymous_4)
FNF:5
FNH:4
FNDA:3,(anonymous_0)
FNDA:3,(anonymous_1)
FNDA:3,(anonymous_2)
FNDA:0,(anonymous_3)
FNDA:6,(anonymous_4)
DA:8,3
DA:9,3
DA:15,3
DA:16,3
DA:21,0
DA:25,6
DA:28,6
DA:34,6
DA:35,4
DA:37,2
DA:41,17
DA:56,17
LF:12
LH:11
BRDA:34,0,0,4
BRDA:34,0,1,2
BRDA:35,1,0,2
BRDA:35,1,1,2
BRF:4
BRH:4
end_of_record
TN:
SF:/home/dtaylor/repos/patternfly-react/packages/patternfly-3/patternfly-react/src/components/LoadingState/index.js
FNF:0
FNH:0
LF:0
LH:0
BRF:0
BRH:0
end_of_record
TN:
SF:/home/dtaylor/repos/patternfly-react/packages/patternfly-3/patternfly-react/src/components/LoginPage/LoginPage.js
FN:31,(anonymous_0)
FN:57,(anonymous_1)
FNF:2
FNH:2
FNDA:24,(anonymous_0)
FNDA:14,(anonymous_1)
DA:31,16
DA:32,24
DA:57,16
DA:58,14
DA:63,16
DA:64,16
DA:65,16
DA:66,16
DA:67,16
DA:68,16
DA:69,16
DA:70,16
DA:71,16
DA:72,16
DA:73,16
DA:74,16
DA:75,16
DA:76,16
DA:77,16
DA:78,16
DA:79,16
DA:80,16
DA:81,16
DA:82,16
DA:83,16
DA:84,16
DA:85,16
DA:86,16
DA:87,16
DA:88,16
DA:89,16
DA:90,16
DA:92,16
DA:105,16
DA:118,16
DA:119,16
LF:36
LH:36
BRF:0
BRH:0
end_of_record
TN:
SF:/home/dtaylor/repos/patternfly-react/packages/patternfly-3/patternfly-react/src/components/LoginPage/SocialLoginPage.js
FN:5,(anonymous_0)
FN:32,(anonymous_1)
FN:38,(anonymous_2)
FNF:3
FNH:2
FNDA:4,(anonymous_0)
FNDA:4,(anonymous_1)
FNDA:0,(anonymous_2)
DA:5,16
DA:6,4
DA:32,16
DA:33,4
DA:38,16
DA:40,16
DA:42,16
DA:46,16
LF:8
LH:8
BRF:0
BRH:0
end_of_record
TN:
SF:/home/dtaylor/repos/patternfly-react/packages/patternfly-3/patternfly-react/src/components/LoginPage/index.js
FNF:0
FNH:0
LF:0
LH:0
BRF:0
[...]
end_of_record
TN:
SF:/home/dtaylor/repos/patternfly-react/packages/patternfly-4/react-core/src/components/Text/TextList.js
FN:28,(anonymous_0)
FNF:1
FNH:1
FNDA:4,(anonymous_0)
DA:5,1
DA:11,1
DA:22,1
DA:28,1
DA:29,4
DA:31,4
DA:38,1
DA:39,1
LF:8
LH:8
BRDA:29,0,0,4
BRDA:29,0,1,0
BRF:2
BRH:1
end_of_record
TN:
SF:/home/dtaylor/repos/patternfly-react/packages/patternfly-4/react-core/src/components/Text/TextListItem.js
FN:28,(anonymous_0)
FNF:1
FNH:1
FNDA:19,(anonymous_0)
DA:5,1
DA:11,1
DA:22,1
DA:28,1
DA:29,19
DA:31,19
DA:38,1
DA:39,1
LF:8
LH:8
BRDA:29,0,0,19
BRDA:29,0,1,0
BRF:2
BRH:1
end_of_record
TN:
SF:/home/dtaylor/repos/patternfly-react/packages/patternfly-4/react-core/src/components/TextArea/TextArea.js
FN:18,(anonymous_0)
FN:33,(anonymous_1)
FN:38,(anonymous_2)
FN:42,(anonymous_3)
FNF:4
FNH:3
FNDA:6,(anonymous_0)
FNDA:0,(anonymous_1)
FNDA:1,(anonymous_2)
FNDA:6,(anonymous_3)
DA:6,1
DA:19,6
DA:20,1
DA:22,5
DA:28,1
DA:33,0
DA:39,1
DA:43,6
DA:44,6
DA:57,1
DA:58,1
LF:11
LH:10
BRDA:19,0,0,1
BRDA:19,0,1,5
BRDA:19,1,0,6
BRDA:19,1,1,5
BRF:4
BRH:4
end_of_record
TN:
SF:/home/dtaylor/repos/patternfly-react/packages/patternfly-4/react-core/src/components/TextInput/TextInput.js
FN:38,(anonymous_0)
FN:56,(anonymous_1)
FN:61,(anonymous_2)
FN:65,(anonymous_3)
FNF:4
FNH:3
FNDA:26,(anonymous_0)
FNDA:0,(anonymous_1)
FNDA:1,(anonymous_2)
FNDA:8,(anonymous_3)
DA:6,2
DA:20,2
DA:39,26
DA:40,1
DA:42,25
DA:48,2
DA:56,0
DA:62,1
DA:66,8
DA:67,8
DA:83,2
DA:84,2
LF:12
LH:11
BRDA:39,0,0,1
BRDA:39,0,1,25
BRDA:39,1,0,26
BRDA:39,1,1,7
BRF:4
BRH:4
end_of_record
TN:
SF:/home/dtaylor/repos/patternfly-react/packages/patternfly-4/react-core/src/components/TextInput/index.js
FNF:0
FNH:0
LF:0
LH:0
BRF:0
BRH:0
end_of_record
TN:
SF:/home/dtaylor/repos/patternfly-react/packages/patternfly-4/react-core/src/components/Title/Title.js
FN:35,(anonymous_0)
FNF:1
FNH:1
FNDA:8,(anonymous_0)
DA:7,7
DA:16,7
DA:29,7
DA:35,7
DA:36,8
DA:41,7
DA:42,7
LF:7
LH:7
BRF:0
BRH:0
end_of_record
TN:
SF:/home/dtaylor/repos/patternfly-react/packages/patternfly-4/react-core/src/components/Title/index.js
FNF:0
FNH:0
LF:0
LH:0
BRF:0
BRH:0
end_of_record
TN:
SF:/home/dtaylor/repos/patternfly-react/packages/patternfly-4/react-core/src/components/Tooltip/Tooltip.js
FN:55,(anonymous_0)
FN:76,(anonymous_1)
FN:82,(anonymous_2)
FN:86,(anonymous_3)
FN:92,(anonymous_4)
FN:96,(anonymous_5)
FN:100,(anonymous_6)
FNF:7
FNH:3
FNDA:4,(anonymous_0)
FNDA:0,(anonymous_1)
FNDA:0,(anonymous_2)
FNDA:0,(anonymous_3)
FNDA:1,(anonymous_4)
FNDA:0,(anonymous_5)
FNDA:1,(anonymous_6)
DA:12,1
DA:44,1
DA:46,1
DA:53,1
DA:55,4
DA:72,1
DA:76,0
DA:83,0
DA:87,0
DA:88,0
DA:93,1
DA:97,0
DA:111,1
DA:113,1
DA:122,1
DA:153,1
DA:154,1
LF:17
LH:12
BRDA:87,0,0,0
BRDA:87,0,1,0
BRDA:87,1,0,0
BRDA:87,1,1,0
BRDA:114,2,0,1
BRDA:114,2,1,0
BRF:6
BRH:1
end_of_record
TN:
SF:/home/dtaylor/repos/patternfly-react/packages/patternfly-4/react-core/src/components/Tooltip/TooltipArrow.js
FN:6,(anonymous_0)
FNF:1
FNH:0
FNDA:0,(anonymous_0)
DA:6,1
DA:8,1
DA:13,1
LF:3
LH:3
BRF:0
BRH:0
end_of_record
TN:
SF:/home/dtaylor/repos/patternfly-react/packages/patternfly-4/react-core/src/components/Tooltip/TooltipContent.js
FN:6,(anonymous_0)
FNF:1
FNH:0
FNDA:0,(anonymous_0)
DA:6,1
DA:7,0
DA:12,1
DA:19,1
LF:4
LH:3
BRF:0
BRH:0
end_of_record
TN:
SF:/home/dtaylor/repos/patternfly-react/packages/patternfly-4/react-core/src/components/Tooltip/index.js
FNF:0
FNH:0
LF:0
LH:0
BRF:0
BRH:0
end_of_record
TN:
SF:/home/dtaylor/repos/patternfly-react/packages/patternfly-4/react-core/src/internal/componentShape.js
FNF:0
FNH:0
DA:3,26
LF:1
LH:1
BRF:0
BRH:0
end_of_record
TN:
SF:/home/dtaylor/repos/patternfly-react/packages/patternfly-4/react-core/src/internal/constants.js
FNF:0
FNH:0
DA:1,9
LF:1
LH:1
BRF:0
BRH:0
end_of_record
TN:
SF:/home/dtaylor/repos/patternfly-react/packages/patternfly-4/react-core/src/internal/htmlConstants.js
FNF:0
FNH:0
DA:1,2
LF:1
LH:1
BRF:0
BRH:0
end_of_record
TN:
SF:/home/dtaylor/repos/patternfly-react/packages/patternfly-4/react-core/src/internal/safeHTMLElement.js
FNF:0
FNH:0
LF:0
LH:0
BRDA:4,0,0,1
BRDA:4,0,1,0
BRF:2
BRH:1
end_of_record
TN:
SF:/home/dtaylor/repos/patternfly-react/packages/patternfly-4/react-core/src/internal/util.js
FN:1,capitalize
FN:5,getUniqueId
FN:14,debounce
FN:16,(anonymous_3)
FN:18,(anonymous_4)
FNF:5
FNH:5
FNDA:37,capitalize
FNDA:5,getUniqueId
FNDA:1,debounce
FNDA:11,(anonymous_3)
FNDA:10,(anonymous_4)
DA:2,37
DA:7,5
DA:11,5
DA:16,1
DA:17,11
DA:18,11
LF:6
LH:6
BRDA:5,0,0,4
BRF:1
BRH:1
end_of_record
TN:
SF:/home/dtaylor/repos/patternfly-react/packages/patternfly-4/react-core/src/internal/GenerateId/GenerateId.js
FN:37,(anonymous_0)
FNF:1
FNH:1
FNDA:1,(anonymous_0)
DA:21,2
DA:23,2
DA:38,1
LF:3
LH:3
BRF:0
BRH:0
end_of_record
TN:
SF:/home/dtaylor/repos/patternfly-react/packages/patternfly-4/react-core/src/layouts/Bullseye/Bullseye.js
FN:24,(anonymous_0)
FNF:1
FNH:1
FNDA:5,(anonymous_0)
DA:7,5
DA:18,5
DA:24,5
DA:25,5
DA:30,5
DA:31,5
LF:6
LH:6
BRF:0
BRH:0
end_of_record
TN:
SF:/home/dtaylor/repos/patternfly-react/packages/patternfly-4/react-core/src/layouts/Gallery/Gallery.js
FN:24,(anonymous_0)
FNF:1
FNH:1
FNDA:3,(anonymous_0)
DA:7,1
DA:18,1
DA:24,1
DA:25,3
DA:33,1
DA:34,1
LF:6
LH:6
BRDA:26,0,0,3
BRDA:26,0,1,3
BRF:2
BRH:2
end_of_record
TN:
SF:/home/dtaylor/repos/patternfly-react/packages/patternfly-4/react-core/src/layouts/Grid/Grid.js
FN:43,(anonymous_0)
FN:46,(anonymous_1)
FN:47,(anonymous_2)
FNF:3
FNH:3
FNDA:3,(anonymous_0)
FNDA:12,(anonymous_1)
FNDA:12,(anonymous_2)
DA:9,1
DA:11,1
DA:32,1
DA:43,1
DA:44,3
DA:46,3
DA:47,12
DA:48,12
DA:49,12
DA:50,0
DA:52,12
DA:55,12
DA:58,3
DA:68,1
DA:69,1
LF:15
LH:14
BRDA:44,0,0,3
BRDA:44,0,1,0
BRDA:49,1,0,0
BRDA:49,1,1,12
BRDA:60,2,0,3
BRDA:60,2,1,3
BRF:6
BRH:4
end_of_record
TN:
SF:/home/dtaylor/repos/patternfly-react/packages/patternfly-4/react-core/src/layouts/Grid/GridItem.js
FN:74,(anonymous_0)
FN:82,(anonymous_1)
FN:83,(anonymous_2)
FNF:3
FNH:3
FNDA:15,(anonymous_0)
FNDA:60,(anonymous_1)
FNDA:180,(anonymous_2)
DA:15,1
DA:54,1
DA:74,1
DA:75,15
DA:82,15
DA:83,60
DA:84,180
DA:85,180
DA:86,12
DA:88,180
DA:91,60
DA:92,60
DA:93,60
DA:96,15
DA:103,1
DA:104,1
LF:16
LH:16
BRDA:77,0,0,15
BRDA:77,0,1,1
BRDA:78,1,0,15
BRDA:78,1,1,1
BRDA:79,2,0,15
BRDA:79,2,1,1
BRDA:85,3,0,12
BRDA:85,3,1,168
BRF:8
BRH:8
end_of_record
TN:
SF:/home/dtaylor/repos/patternfly-react/packages/patternfly-4/react-core/src/layouts/Grid/gridUtils.js
FN:6,(anonymous_0)
FN:8,(anonymous_1)
FN:10,(anonymous_2)
FN:12,(anonymous_3)
FN:14,(anonymous_4)
FN:16,(anonymous_5)
FN:18,(anonymous_6)
FNF:7
FNH:6
FNDA:64,(anonymous_0)
FNDA:64,(anonymous_1)
FNDA:15,(anonymous_2)
FNDA:5,(anonymous_3)
FNDA:0,(anonymous_4)
FNDA:5,(anonymous_5)
FNDA:5,(anonymous_6)
DA:4,2
DA:6,64
DA:8,64
DA:10,15
DA:12,5
DA:14,2
DA:16,5
DA:18,5
LF:8
LH:8
BRDA:10,0,0,12
BRDA:10,0,1,3
BRF:2
BRH:2
end_of_record
TN:
SF:/home/dtaylor/repos/patternfly-react/packages/patternfly-4/react-core/src/layouts/Level/Level.js
FN:23,(anonymous_0)
FNF:1
FNH:1
FNDA:3,(anonymous_0)
DA:7,1
DA:17,1
DA:23,1
DA:24,3
DA:31,1
DA:32,1
LF:6
LH:6
BRDA:26,0,0,3
BRDA:26,0,1,3
BRF:2
BRH:2
end_of_record
TN:
SF:/home/dtaylor/repos/patternfly-react/packages/patternfly-4/react-core/src/layouts/Level/LevelItem.js
FN:14,(anonymous_0)
FNF:1
FNH:1
FNDA:1,(anonymous_0)
DA:4,1
DA:10,1
DA:14,1
DA:16,1
DA:17,1
LF:5
LH:5
BRF:0
BRH:0
end_of_record
TN:
SF:/home/dtaylor/repos/patternfly-react/packages/patternfly-4/react-core/src/layouts/Split/Split.js
FN:28,(anonymous_0)
FNF:1
FNH:1
FNDA:5,(anonymous_0)
DA:8,1
DA:21,1
DA:28,1
DA:29,5
DA:37,1
DA:38,1
LF:6
LH:6
BRDA:31,0,0,5
BRDA:31,0,1,3
BRF:2
BRH:2
end_of_record
TN:
SF:/home/dtaylor/repos/patternfly-react/packages/patternfly-4/react-core/src/layouts/Split/SplitItem.js
FN:23,(anonymous_0)
FNF:1
FNH:1
FNDA:5,(anonymous_0)
DA:6,1
DA:17,1
DA:23,1
DA:24,5
DA:29,1
DA:30,1
LF:6
LH:6
BRDA:24,0,0,5
BRDA:24,0,1,1
BRF:2
BRH:2
end_of_record
TN:
SF:/home/dtaylor/repos/patternfly-react/packages/patternfly-4/react-core/src/layouts/Stack/Stack.js
FN:28,(anonymous_0)
FNF:1
FNH:1
FNDA:5,(anonymous_0)
DA:8,1
DA:21,1
DA:28,1
DA:29,5
DA:37,1
DA:38,1
LF:6
LH:6
BRDA:31,0,0,5
BRDA:31,0,1,3
BRF:2
BRH:2
end_of_record
TN:
SF:/home/dtaylor/repos/patternfly-react/packages/patternfly-4/react-core/src/layouts/Stack/StackItem.js
FN:23,(anonymous_0)
FNF:1
FNH:1
FNDA:5,(anonymous_0)
DA:6,1
DA:17,1
DA:23,1
DA:24,5
DA:29,1
DA:30,1
LF:6
LH:6
BRDA:24,0,0,5
BRDA:24,0,1,1
BRF:2
BRH:2
end_of_record
TN:
SF:/home/dtaylor/repos/patternfly-react/packages/patternfly-4/react-core/src/layouts/Toolbar/Toolbar.js
FN:20,(anonymous_0)
FNF:1
FNH:1
FNDA:3,(anonymous_0)
DA:6,1
DA:15,1
DA:20,1
DA:21,3
DA:26,1
DA:27,1
LF:6
LH:6
BRF:0
BRH:0
end_of_record
TN:
SF:/home/dtaylor/repos/patternfly-react/packages/patternfly-4/react-core/src/layouts/Toolbar/ToolbarGroup.js
FN:20,(anonymous_0)
FNF:1
FNH:1
FNDA:7,(anonymous_0)
DA:6,1
DA:15,1
DA:20,1
DA:21,7
DA:26,1
DA:27,1
LF:6
LH:6
BRF:0
BRH:0
end_of_record
TN:
SF:/home/dtaylor/repos/patternfly-react/packages/patternfly-4/react-core/src/layouts/Toolbar/ToolbarItem.js
FN:20,(anonymous_0)
FNF:1
FNH:1
FNDA:14,(anonymous_0)
DA:6,1
DA:15,1
DA:20,1
DA:21,14
DA:26,1
DA:27,1
LF:6
LH:6
BRF:0
BRH:0
end_of_record
TN:
SF:/home/dtaylor/repos/patternfly-react/packages/patternfly-4/react-core/src/layouts/Toolbar/ToolbarSection.js
FN:12,(anonymous_0)
FN:28,(anonymous_1)
FNF:2
FNH:2
FNDA:2,(anonymous_0)
FNDA:2,(anonymous_1)
DA:6,1
DA:13,2
DA:14,0
DA:16,2
DA:22,1
DA:28,1
DA:29,2
DA:34,1
DA:35,1
LF:9
LH:8
BRDA:13,0,0,0
BRDA:13,0,1,2
BRF:2
BRH:1
end_of_record
TN:
SF:/home/dtaylor/repos/patternfly-react/packages/patternfly-4/react-core/src/styles/gutters.js
FN:9,getGutterModifier
FNF:1
FNH:1
FNDA:15,getGutterModifier
DA:3,5
DA:10,15
LF:2
LH:2
BRF:0
BRH:0
end_of_record
TN:
SF:/home/dtaylor/repos/patternfly-react/packages/patternfly-4/react-core/src/styles/sizes.js
FNF:0
FNH:0
DA:1,9
DA:12,9
LF:2
LH:2
BRF:0
BRH:0
end_of_record
TN:
SF:/home/dtaylor/repos/patternfly-react/packages/patternfly-4/react-styled-system/src/components/StyledSystem/StyledBox.js
FN:104,(anonymous_0)
FNF:1
FNH:1
FNDA:1,(anonymous_0)
DA:42,1
DA:47,1
DA:104,1
DA:105,1
DA:106,1
DA:113,1
DA:231,1
LF:7
LH:7
BRF:0
BRH:0
end_of_record
TN:
SF:/home/dtaylor/repos/patternfly-react/packages/patternfly-4/react-styled-system/src/components/StyledSystem/StyledFlex.js
FN:23,(anonymous_0)
FNF:1
FNH:1
FNDA:1,(anonymous_0)
DA:8,1
DA:23,1
DA:24,1
DA:25,1
DA:32,1
DA:48,1
LF:6
LH:6
BRF:0
BRH:0
end_of_record
TN:
SF:/home/dtaylor/repos/patternfly-react/packages/patternfly-4/react-styled-system/src/components/StyledSystem/StyledText.js
FN:25,(anonymous_0)
FNF:1
FNH:1
FNDA:1,(anonymous_0)
DA:8,1
DA:25,1
DA:26,1
DA:27,1
DA:34,1
DA:50,1
LF:6
LH:6
BRF:0
BRH:0
end_of_record
TN:
SF:/home/dtaylor/repos/patternfly-react/packages/patternfly-4/react-styles/snapshot-serializer.js
FNF:0
FNH:0
DA:1,183
DA:3,183
DA:4,183
LF:3
LH:3
BRF:0
BRH:0
end_of_record
TN:
SF:/home/dtaylor/repos/patternfly-react/packages/patternfly-4/react-styles/src/StyleSheet.js
FN:16,(anonymous_0)
FN:32,(anonymous_1)
FN:50,(anonymous_2)
FN:57,css
FN:59,(anonymous_4)
FNF:5
FNH:4
FNDA:1,(anonymous_0)
FNDA:11,(anonymous_1)
FNDA:0,(anonymous_2)
FNDA:4,css
FNDA:10,(anonymous_4)
DA:11,2
DA:13,1
DA:14,1
DA:15,1
DA:16,1
DA:23,0
DA:26,6
DA:27,6
DA:28,0
DA:31,6
DA:33,11
DA:34,11
DA:35,0
DA:38,11
DA:40,11
DA:41,5
DA:43,6
DA:46,11
DA:50,0
DA:58,4
DA:59,4
DA:60,10
DA:61,2
DA:62,2
DA:63,2
DA:65,8
DA:68,4
LF:27
LH:23
BRDA:14,0,0,1
BRDA:14,0,1,0
BRDA:27,1,0,0
BRDA:27,1,1,6
BRDA:34,2,0,0
BRDA:34,2,1,11
BRDA:40,3,0,5
BRDA:40,3,1,6
BRDA:60,4,0,2
BRDA:60,4,1,8
BRF:10
BRH:7
end_of_record
TN:
SF:/home/dtaylor/repos/patternfly-react/packages/patternfly-4/react-styles/src/utils.js
FN:4,isValidStyleDeclaration
FN:8,createStyleDeclaration
FN:17,isModifier
FN:21,getModifier
FN:30,formatClassName
FN:34,getCSSClasses
FN:38,getClassName
FN:46,getInsertedStyles
FNF:8
FNH:7
FNDA:18,isValidStyleDeclaration
FNDA:13,createStyleDeclaration
FNDA:14,isModifier
FNDA:5,getModifier
FNDA:14,formatClassName
FNDA:7,getCSSClasses
FNDA:5,getClassName
FNDA:0,getInsertedStyles
DA:5,18
DA:9,13
DA:12,2
DA:18,14
DA:22,5
DA:23,1
DA:26,4
DA:27,4
DA:31,14
DA:35,7
DA:39,5
DA:40,1
DA:43,4
DA:47,0
LF:14
LH:13
BRDA:5,0,0,18
BRDA:5,0,1,13
BRDA:5,0,2,6
BRDA:18,1,0,14
BRDA:18,1,1,13
BRDA:18,2,0,14
BRDA:18,2,1,14
BRDA:22,3,0,1
BRDA:22,3,1,4
BRDA:26,4,0,4
BRDA:26,4,1,1
BRDA:27,5,0,4
BRDA:27,5,1,2
BRDA:27,5,2,1
BRDA:38,6,0,0
BRDA:39,7,0,1
BRDA:39,7,1,4
BRDA:43,8,0,3
BRDA:43,8,1,1
BRF:19
BRH:18
end_of_record
TN:
SF:/home/dtaylor/repos/patternfly-react/packages/patternfly-4/react-styles/src/build/util.js
FN:10,cssToJS
FN:22,getCSS
FN:27,minifyCSS
FN:33,writeCSSJSFile
FN:41,getRelativeImportPath
FN:47,getCSSOutputPath
FN:51,getFormattedCSSOutputPath
FNF:7
FNH:0
FNDA:0,cssToJS
FNDA:0,getCSS
FNDA:0,minifyCSS
FNDA:0,writeCSSJSFile
FNDA:0,getRelativeImportPath
FNDA:0,getCSSOutputPath
FNDA:0,getFormattedCSSOutputPath
DA:7,1
DA:8,1
DA:11,0
DA:12,0
DA:17,0
DA:23,0
DA:24,0
DA:28,0
DA:34,0
DA:35,0
DA:36,0
DA:37,0
DA:38,0
DA:42,0
DA:43,0
DA:44,0
DA:48,0
DA:52,0
DA:53,0
DA:54,0
DA:55,0
DA:56,0
DA:57,0
DA:59,0
LF:24
LH:2
BRDA:10,0,0,0
BRDA:11,1,0,0
BRDA:11,1,1,0
BRDA:44,2,0,0
BRDA:44,2,1,0
BRDA:56,3,0,0
BRDA:56,3,1,0
BRF:7
BRH:0
end_of_record
TN:
SF:/home/dtaylor/repos/patternfly-react/packages/patternfly-4/react-styles/src/build/babel/plugin.js
FN:22,(anonymous_0)
FN:25,getVariableName
FN:32,getLastImportIndex
FN:34,(anonymous_3)
FN:42,getPackageImportIndex
FN:43,(anonymous_5)
FN:46,createStyleSheetImport
FN:53,validateReferences
FN:57,(anonymous_8)
FN:108,(anonymous_9)
FNF:10
FNH:4
FNDA:1,(anonymous_0)
FNDA:6,getVariableName
FNDA:0,getLastImportIndex
FNDA:0,(anonymous_3)
FNDA:0,getPackageImportIndex
FNDA:0,(anonymous_5)
FNDA:0,createStyleSheetImport
FNDA:3,validateReferences
FNDA:4,(anonymous_8)
FNDA:0,(anonymous_9)
DA:16,1
DA:23,1
DA:26,6
DA:27,6
DA:29,0
DA:33,0
DA:34,0
DA:35,0
DA:36,0
DA:39,0
DA:43,0
DA:47,0
DA:54,3
DA:57,3
DA:58,4
DA:59,0
DA:61,4
DA:62,4
DA:63,2
DA:64,2
DA:65,0
DA:67,2
DA:68,2
DA:69,1
DA:73,2
DA:74,1
DA:79,1
DA:82,4
DA:83,4
DA:84,4
DA:85,4
DA:86,3
DA:87,3
DA:88,3
DA:89,3
DA:90,3
DA:91,3
DA:92,3
DA:94,3
DA:96,1
DA:97,0
DA:98,0
DA:100,0
DA:101,0
DA:102,0
DA:103,0
DA:106,0
DA:107,0
DA:108,0
DA:110,0
DA:111,0
DA:115,0
DA:117,0
DA:126,0
DA:127,0
DA:129,1
DA:130,1
DA:132,1
DA:134,1
DA:135,1
DA:136,1
DA:139,1
LF:62
LH:37
BRDA:26,0,0,6
BRDA:26,0,1,0
BRDA:26,1,0,6
BRDA:26,1,1,6
BRDA:26,1,2,6
BRDA:35,2,0,0
BRDA:35,2,1,0
BRDA:43,3,0,0
BRDA:43,3,1,0
BRDA:58,4,0,0
BRDA:58,4,1,4
BRDA:62,5,0,2
BRDA:62,5,1,2
BRDA:64,6,0,0
BRDA:64,6,1,2
BRDA:68,7,0,1
BRDA:68,7,1,1
BRDA:70,8,0,1
BRDA:70,8,1,0
BRDA:73,9,0,1
BRDA:73,9,1,1
BRDA:81,10,0,0
BRDA:85,11,0,3
BRDA:85,11,1,1
BRDA:85,12,0,4
BRDA:85,12,1,3
BRDA:86,13,0,3
BRDA:86,13,1,3
BRDA:96,14,0,0
BRDA:96,14,1,1
BRDA:100,15,0,0
BRDA:100,15,1,0
BRDA:108,16,0,0
BRDA:108,16,1,0
BRDA:110,17,0,0
BRDA:110,17,1,0
BRDA:134,18,0,1
BRDA:134,18,1,0
BRF:38
BRH:21
end_of_record
TN:
SF:/home/dtaylor/repos/patternfly-react/packages/patternfly-4/react-tokens/build/generateTokens.js
FN:17,(anonymous_0)
FN:20,(anonymous_1)
FN:23,(anonymous_2)
FN:27,(anonymous_3)
FN:34,(anonymous_4)
FN:48,(anonymous_5)
FNF:6
FNH:6
FNDA:7,(anonymous_0)
FNDA:4,(anonymous_1)
FNDA:4,(anonymous_2)
FNDA:5,(anonymous_3)
FNDA:2,(anonymous_4)
FNDA:12,(anonymous_5)
DA:2,4
DA:3,4
DA:4,4
DA:5,4
DA:6,4
DA:8,4
DA:9,4
DA:10,4
DA:12,4
DA:17,7
DA:19,4
DA:20,4
DA:21,4
DA:22,4
DA:23,4
DA:24,4
DA:25,0
DA:27,4
DA:28,5
DA:29,0
DA:31,5
DA:32,5
DA:33,5
DA:34,5
DA:35,2
DA:36,2
DA:38,5
DA:48,4
DA:49,12
DA:50,12
LF:30
LH:28
BRDA:24,0,0,0
BRDA:24,0,1,4
BRDA:28,1,0,0
BRDA:28,1,1,5
BRDA:32,2,0,5
BRDA:32,2,1,0
BRDA:36,3,0,1
BRDA:36,3,1,1
BRF:8
BRH:5
end_of_record
TN:
SF:/home/dtaylor/repos/patternfly-react/packages/patternfly-4/react-tokens/build/templates/cjs.js
FN:4,(anonymous_0)
FN:5,(anonymous_1)
FN:6,(anonymous_2)
FNF:3
FNH:3
FNDA:4,(anonymous_0)
FNDA:4,(anonymous_1)
FNDA:5,(anonymous_2)
DA:1,4
DA:3,4
DA:4,4
DA:6,5
LF:4
LH:4
BRF:0
BRH:0
end_of_record
TN:
SF:/home/dtaylor/repos/patternfly-react/packages/patternfly-4/react-tokens/build/templates/d.ts.js
FN:4,(anonymous_0)
FN:5,(anonymous_1)
FN:6,(anonymous_2)
FN:9,(anonymous_3)
FNF:4
FNH:4
FNDA:4,(anonymous_0)
FNDA:4,(anonymous_1)
FNDA:5,(anonymous_2)
FNDA:15,(anonymous_3)
DA:1,4
DA:3,4
DA:4,4
DA:6,4
DA:7,5
DA:8,5
DA:9,15
DA:11,5
LF:8
LH:8
BRF:0
BRH:0
end_of_record
TN:
SF:/home/dtaylor/repos/patternfly-react/packages/patternfly-4/react-tokens/build/templates/esm.js
FN:4,(anonymous_0)
FN:5,(anonymous_1)
FN:6,(anonymous_2)
FNF:3
FNH:3
FNDA:4,(anonymous_0)
FNDA:4,(anonymous_1)
FNDA:5,(anonymous_2)
DA:1,4
DA:3,4
DA:4,4
DA:6,5
LF:4
LH:4
BRF:0
BRH:0
end_of_record
TN:
SF:/home/dtaylor/repos/patternfly-react/packages/react-codemods/componentConfig.js
FNF:0
FNH:0
DA:1,2
LF:1
LH:1
BRF:0
BRH:0
end_of_record
TN:
SF:/home/dtaylor/repos/patternfly-react/packages/react-codemods/transforms/pf3-pf4.js
FN:16,getFilteredComponentConfig
FN:23,(anonymous_1)
FN:24,(anonymous_2)
FN:35,(anonymous_3)
FN:40,addComponentToReactCoreImport
FN:69,findImportAfterReactCore
FN:73,(anonymous_6)
FN:84,getReactCoreImport
FN:90,getPatternflyReactImport
FN:96,verifyNoUnsupportedPropReferences
FN:98,(anonymous_10)
FN:109,getConfigForProp
FN:114,transformProp
FN:126,(anonymous_13)
FN:136,removePatternflyReactImport
FN:137,(anonymous_15)
FN:144,getPrettySource
FN:162,(anonymous_17)
FN:179,(anonymous_18)
FN:180,(anonymous_19)
FNF:20
FNH:20
FNDA:13,getFilteredComponentConfig
FNDA:4,(anonymous_1)
FNDA:4,(anonymous_2)
FNDA:13,(anonymous_3)
FNDA:11,addComponentToReactCoreImport
FNDA:11,findImportAfterReactCore
FNDA:11,(anonymous_6)
FNDA:11,getReactCoreImport
FNDA:23,getPatternflyReactImport
FNDA:12,verifyNoUnsupportedPropReferences
FNDA:8,(anonymous_10)
FNDA:66,getConfigForProp
FNDA:66,transformProp
FNDA:7,(anonymous_13)
FNDA:11,removePatternflyReactImport
FNDA:11,(anonymous_15)
FNDA:11,getPrettySource
FNDA:14,(anonymous_17)
FNDA:11,(anonymous_18)
FNDA:66,(anonymous_19)
DA:2,2
DA:3,2
DA:6,2
DA:8,2
DA:10,0
DA:13,2
DA:14,2
DA:17,13
DA:18,10
DA:21,3
DA:23,4
DA:25,4
DA:26,1
DA:28,3
DA:35,2
DA:36,13
DA:37,13
DA:38,13
DA:41,11
DA:42,11
DA:43,0
DA:44,0
DA:47,11
DA:48,11
DA:49,11
DA:56,11
DA:57,11
DA:58,11
DA:59,11
DA:60,0
DA:61,0
DA:65,11
DA:73,11
DA:74,11
DA:75,11
DA:76,11
DA:77,11
DA:81,11
DA:85,11
DA:91,23
DA:97,12
DA:98,12
DA:99,8
DA:100,8
DA:101,1
DA:102,1
DA:103,1
DA:106,12
DA:110,66
DA:111,66
DA:115,66
DA:119,66
DA:120,9
DA:123,9
DA:126,57
DA:127,7
DA:128,1
DA:129,1
DA:132,6
DA:137,11
DA:138,11
DA:139,9
DA:145,11
DA:150,11
DA:158,12
DA:160,12
DA:163,14
DA:164,14
DA:165,14
DA:167,14
DA:168,2
DA:171,12
DA:173,12
DA:174,1
DA:177,11
DA:179,11
DA:180,11
DA:181,66
DA:184,11
DA:185,11
DA:188,12
DA:189,11
DA:190,11
DA:193,1
LF:84
LH:79
BRDA:16,0,0,8
BRDA:17,1,0,10
BRDA:17,1,1,3
BRDA:25,2,0,1
BRDA:25,2,1,3
BRDA:42,3,0,0
BRDA:42,3,1,11
BRDA:48,4,0,11
BRDA:48,4,1,0
BRDA:57,5,0,11
BRDA:57,5,1,0
BRDA:59,6,0,0
BRDA:59,6,1,11
BRDA:75,7,0,11
BRDA:75,7,1,0
BRDA:75,8,0,11
BRDA:75,8,1,11
BRDA:75,8,2,0
BRDA:100,9,0,1
BRDA:100,9,1,7
BRDA:111,10,0,44
BRDA:111,10,1,22
BRDA:119,11,0,9
BRDA:119,11,1,57
BRDA:119,12,0,66
BRDA:119,12,1,11
BRDA:127,13,0,1
BRDA:127,13,1,6
BRDA:138,14,0,9
BRDA:138,14,1,2
BRDA:150,15,0,11
BRDA:150,15,1,0
BRDA:167,16,0,2
BRDA:167,16,1,12
BRDA:173,17,0,1
BRDA:173,17,1,11
BRDA:188,18,0,11
BRDA:188,18,1,1
BRF:38
BRH:31
end_of_record
TN:
SF:/home/dtaylor/repos/patternfly-react/packages/react-icons/src/common.js
FN:22,(anonymous_0)
FNF:1
FNH:1
FNDA:16,(anonymous_0)
DA:3,2
DA:10,2
DA:16,2
DA:22,2
DA:23,16
DA:25,12
DA:27,1
DA:29,1
DA:31,1
DA:33,1
LF:10
LH:10
BRDA:23,0,0,12
BRDA:23,0,1,1
BRDA:23,0,2,1
BRDA:23,0,3,1
BRDA:23,0,4,1
BRF:5
BRH:5
end_of_record
TN:
SF:/home/dtaylor/repos/patternfly-react/packages/react-icons/src/createIcon.js
FN:6,(anonymous_0)
FN:16,(anonymous_1)
FNF:2
FNH:2
FNDA:1,(anonymous_0)
FNDA:11,(anonymous_1)
DA:4,1
DA:6,1
DA:7,1
DA:8,1
DA:17,11
DA:19,11
DA:20,11
DA:21,11
DA:23,11
DA:42,1
LF:10
LH:10
BRDA:7,0,0,1
BRDA:7,0,1,1
BRDA:7,1,0,1
BRDA:7,1,1,1
BRDA:30,2,0,4
BRDA:30,2,1,7
BRDA:31,3,0,4
BRDA:31,3,1,7
BRDA:35,4,0,11
BRDA:35,4,1,4
BRF:10
BRH:10
end_of_record
